{"/Users/antonbalkouski/WebstormProjects/Metronome/src/frontend/audio-engine/AudioEngine.ts": {"path":"/Users/antonbalkouski/WebstormProjects/Metronome/src/frontend/audio-engine/AudioEngine.ts","statementMap":{"0":{"start":{"line":7,"column":11},"end":{"line":7,"column":46}},"1":{"start":{"line":8,"column":11},"end":{"line":8,"column":34}},"2":{"start":{"line":13,"column":8},"end":{"line":13,"column":50}},"3":{"start":{"line":14,"column":8},"end":{"line":14,"column":73}},"4":{"start":{"line":16,"column":8},"end":{"line":22,"column":11}},"5":{"start":{"line":26,"column":8},"end":{"line":26,"column":31}},"6":{"start":{"line":30,"column":8},"end":{"line":30,"column":32}},"7":{"start":{"line":34,"column":8},"end":{"line":34,"column":38}},"8":{"start":{"line":38,"column":8},"end":{"line":38,"column":25}}},"fnMap":{"0":{"name":"(anonymous_0)","decl":{"start":{"line":12,"column":4},"end":{"line":12,"column":26}},"loc":{"start":{"line":12,"column":60},"end":{"line":23,"column":5}}},"1":{"name":"(anonymous_1)","decl":{"start":{"line":25,"column":4},"end":{"line":25,"column":8}},"loc":{"start":{"line":25,"column":17},"end":{"line":27,"column":5}}},"2":{"name":"(anonymous_2)","decl":{"start":{"line":29,"column":4},"end":{"line":29,"column":8}},"loc":{"start":{"line":29,"column":31},"end":{"line":31,"column":5}}},"3":{"name":"(anonymous_3)","decl":{"start":{"line":33,"column":4},"end":{"line":33,"column":8}},"loc":{"start":{"line":33,"column":24},"end":{"line":35,"column":5}}},"4":{"name":"(anonymous_4)","decl":{"start":{"line":37,"column":4},"end":{"line":37,"column":8}},"loc":{"start":{"line":37,"column":11},"end":{"line":39,"column":5}}}},"branchMap":{},"s":{"0":0,"1":0,"2":0,"3":0,"4":0,"5":0,"6":0,"7":0,"8":0},"f":{"0":0,"1":0,"2":0,"3":0,"4":0},"b":{}}
,"/Users/antonbalkouski/WebstormProjects/Metronome/src/frontend/audio-engine/engines/TonejsEngine.ts": {"path":"/Users/antonbalkouski/WebstormProjects/Metronome/src/frontend/audio-engine/engines/TonejsEngine.ts","statementMap":{"0":{"start":{"line":19,"column":4},"end":{"line":19,"column":28}},"1":{"start":{"line":11,"column":10},"end":{"line":11,"column":43}},"2":{"start":{"line":13,"column":10},"end":{"line":13,"column":37}},"3":{"start":{"line":14,"column":10},"end":{"line":14,"column":29}},"4":{"start":{"line":15,"column":10},"end":{"line":15,"column":35}},"5":{"start":{"line":16,"column":10},"end":{"line":16,"column":31}},"6":{"start":{"line":140,"column":2},"end":{"line":148,"column":4}},"7":{"start":{"line":141,"column":4},"end":{"line":147,"column":6}},"8":{"start":{"line":146,"column":25},"end":{"line":146,"column":43}},"9":{"start":{"line":20,"column":4},"end":{"line":20,"column":63}},"10":{"start":{"line":21,"column":4},"end":{"line":23,"column":14}},"11":{"start":{"line":22,"column":6},"end":{"line":22,"column":42}},"12":{"start":{"line":24,"column":4},"end":{"line":24,"column":58}},"13":{"start":{"line":26,"column":4},"end":{"line":31,"column":7}},"14":{"start":{"line":35,"column":4},"end":{"line":35,"column":20}},"15":{"start":{"line":36,"column":4},"end":{"line":36,"column":40}},"16":{"start":{"line":40,"column":4},"end":{"line":40,"column":20}},"17":{"start":{"line":41,"column":4},"end":{"line":41,"column":24}},"18":{"start":{"line":42,"column":4},"end":{"line":42,"column":22}},"19":{"start":{"line":43,"column":4},"end":{"line":43,"column":49}},"20":{"start":{"line":45,"column":4},"end":{"line":45,"column":28}},"21":{"start":{"line":46,"column":4},"end":{"line":46,"column":24}},"22":{"start":{"line":50,"column":4},"end":{"line":50,"column":22}},"23":{"start":{"line":51,"column":4},"end":{"line":51,"column":27}},"24":{"start":{"line":55,"column":19},"end":{"line":55,"column":44}},"25":{"start":{"line":57,"column":4},"end":{"line":57,"column":45}},"26":{"start":{"line":58,"column":26},"end":{"line":58,"column":49}},"27":{"start":{"line":60,"column":4},"end":{"line":67,"column":5}},"28":{"start":{"line":66,"column":6},"end":{"line":66,"column":29}},"29":{"start":{"line":69,"column":4},"end":{"line":79,"column":5}},"30":{"start":{"line":70,"column":6},"end":{"line":70,"column":22}},"31":{"start":{"line":71,"column":6},"end":{"line":76,"column":7}},"32":{"start":{"line":72,"column":8},"end":{"line":72,"column":37}},"33":{"start":{"line":73,"column":8},"end":{"line":75,"column":9}},"34":{"start":{"line":74,"column":10},"end":{"line":74,"column":56}},"35":{"start":{"line":78,"column":6},"end":{"line":78,"column":35}},"36":{"start":{"line":81,"column":4},"end":{"line":83,"column":5}},"37":{"start":{"line":82,"column":6},"end":{"line":82,"column":24}},"38":{"start":{"line":85,"column":4},"end":{"line":85,"column":18}},"39":{"start":{"line":89,"column":24},"end":{"line":89,"column":61}},"40":{"start":{"line":90,"column":4},"end":{"line":90,"column":55}},"41":{"start":{"line":90,"column":48},"end":{"line":90,"column":55}},"42":{"start":{"line":91,"column":4},"end":{"line":104,"column":5}},"43":{"start":{"line":101,"column":10},"end":{"line":101,"column":21}},"44":{"start":{"line":102,"column":6},"end":{"line":102,"column":28}},"45":{"start":{"line":103,"column":6},"end":{"line":103,"column":34}},"46":{"start":{"line":108,"column":22},"end":{"line":108,"column":59}},"47":{"start":{"line":109,"column":19},"end":{"line":109,"column":20}},"48":{"start":{"line":110,"column":21},"end":{"line":110,"column":22}},"49":{"start":{"line":111,"column":23},"end":{"line":111,"column":35}},"50":{"start":{"line":113,"column":4},"end":{"line":117,"column":5}},"51":{"start":{"line":113,"column":17},"end":{"line":113,"column":18}},"52":{"start":{"line":114,"column":23},"end":{"line":114,"column":53}},"53":{"start":{"line":115,"column":25},"end":{"line":115,"column":44}},"54":{"start":{"line":116,"column":6},"end":{"line":116,"column":53}},"55":{"start":{"line":119,"column":21},"end":{"line":119,"column":53}},"56":{"start":{"line":121,"column":4},"end":{"line":131,"column":5}},"57":{"start":{"line":121,"column":25},"end":{"line":121,"column":26}},"58":{"start":{"line":122,"column":43},"end":{"line":122,"column":59}},"59":{"start":{"line":123,"column":38},"end":{"line":123,"column":50}},"60":{"start":{"line":125,"column":23},"end":{"line":125,"column":70}},"61":{"start":{"line":127,"column":6},"end":{"line":130,"column":7}},"62":{"start":{"line":127,"column":19},"end":{"line":127,"column":20}},"63":{"start":{"line":128,"column":8},"end":{"line":128,"column":46}},"64":{"start":{"line":129,"column":8},"end":{"line":129,"column":29}},"65":{"start":{"line":133,"column":4},"end":{"line":133,"column":20}},"66":{"start":{"line":137,"column":4},"end":{"line":137,"column":63}},"67":{"start":{"line":151,"column":4},"end":{"line":151,"column":22}}},"fnMap":{"0":{"name":"(anonymous_0)","decl":{"start":{"line":18,"column":2},"end":{"line":18,"column":14}},"loc":{"start":{"line":18,"column":48},"end":{"line":32,"column":3}}},"1":{"name":"(anonymous_1)","decl":{"start":{"line":140,"column":20},"end":{"line":140,"column":21}},"loc":{"start":{"line":140,"column":45},"end":{"line":148,"column":3}}},"2":{"name":"(anonymous_2)","decl":{"start":{"line":146,"column":6},"end":{"line":146,"column":7}},"loc":{"start":{"line":146,"column":25},"end":{"line":146,"column":43}}},"3":{"name":"(anonymous_3)","decl":{"start":{"line":21,"column":31},"end":{"line":21,"column":32}},"loc":{"start":{"line":21,"column":40},"end":{"line":23,"column":5}}},"4":{"name":"(anonymous_4)","decl":{"start":{"line":34,"column":2},"end":{"line":34,"column":8}},"loc":{"start":{"line":34,"column":20},"end":{"line":37,"column":3}}},"5":{"name":"(anonymous_5)","decl":{"start":{"line":39,"column":2},"end":{"line":39,"column":14}},"loc":{"start":{"line":39,"column":14},"end":{"line":47,"column":3}}},"6":{"name":"(anonymous_6)","decl":{"start":{"line":49,"column":2},"end":{"line":49,"column":13}},"loc":{"start":{"line":49,"column":13},"end":{"line":52,"column":3}}},"7":{"name":"(anonymous_7)","decl":{"start":{"line":54,"column":2},"end":{"line":54,"column":26}},"loc":{"start":{"line":54,"column":39},"end":{"line":86,"column":3}}},"8":{"name":"(anonymous_8)","decl":{"start":{"line":88,"column":2},"end":{"line":88,"column":19}},"loc":{"start":{"line":88,"column":32},"end":{"line":105,"column":3}}},"9":{"name":"(anonymous_9)","decl":{"start":{"line":107,"column":2},"end":{"line":107,"column":32}},"loc":{"start":{"line":107,"column":32},"end":{"line":134,"column":3}}},"10":{"name":"(anonymous_10)","decl":{"start":{"line":136,"column":2},"end":{"line":136,"column":20}},"loc":{"start":{"line":136,"column":20},"end":{"line":138,"column":3}}},"11":{"name":"(anonymous_11)","decl":{"start":{"line":150,"column":2},"end":{"line":150,"column":19}},"loc":{"start":{"line":150,"column":19},"end":{"line":152,"column":3}}}},"branchMap":{"0":{"loc":{"start":{"line":60,"column":4},"end":{"line":67,"column":5}},"type":"if","locations":[{"start":{"line":60,"column":4},"end":{"line":67,"column":5}}]},"1":{"loc":{"start":{"line":61,"column":6},"end":{"line":64,"column":46}},"type":"binary-expr","locations":[{"start":{"line":61,"column":6},"end":{"line":61,"column":46}},{"start":{"line":62,"column":6},"end":{"line":62,"column":19}},{"start":{"line":63,"column":7},"end":{"line":63,"column":67}},{"start":{"line":64,"column":8},"end":{"line":64,"column":45}}]},"2":{"loc":{"start":{"line":69,"column":4},"end":{"line":79,"column":5}},"type":"if","locations":[{"start":{"line":69,"column":4},"end":{"line":79,"column":5}},{"start":{"line":77,"column":11},"end":{"line":79,"column":5}}]},"3":{"loc":{"start":{"line":71,"column":6},"end":{"line":76,"column":7}},"type":"if","locations":[{"start":{"line":71,"column":6},"end":{"line":76,"column":7}}]},"4":{"loc":{"start":{"line":73,"column":8},"end":{"line":75,"column":9}},"type":"if","locations":[{"start":{"line":73,"column":8},"end":{"line":75,"column":9}}]},"5":{"loc":{"start":{"line":81,"column":4},"end":{"line":83,"column":5}},"type":"if","locations":[{"start":{"line":81,"column":4},"end":{"line":83,"column":5}}]},"6":{"loc":{"start":{"line":81,"column":8},"end":{"line":81,"column":50}},"type":"binary-expr","locations":[{"start":{"line":81,"column":8},"end":{"line":81,"column":31}},{"start":{"line":81,"column":35},"end":{"line":81,"column":50}}]},"7":{"loc":{"start":{"line":90,"column":4},"end":{"line":90,"column":55}},"type":"if","locations":[{"start":{"line":90,"column":4},"end":{"line":90,"column":55}}]},"8":{"loc":{"start":{"line":90,"column":8},"end":{"line":90,"column":46}},"type":"binary-expr","locations":[{"start":{"line":90,"column":8},"end":{"line":90,"column":20}},{"start":{"line":90,"column":24},"end":{"line":90,"column":46}}]},"9":{"loc":{"start":{"line":91,"column":4},"end":{"line":104,"column":5}},"type":"if","locations":[{"start":{"line":91,"column":4},"end":{"line":104,"column":5}}]},"10":{"loc":{"start":{"line":93,"column":8},"end":{"line":95,"column":46}},"type":"binary-expr","locations":[{"start":{"line":93,"column":8},"end":{"line":93,"column":48}},{"start":{"line":94,"column":8},"end":{"line":94,"column":68}},{"start":{"line":95,"column":8},"end":{"line":95,"column":46}}]},"11":{"loc":{"start":{"line":125,"column":23},"end":{"line":125,"column":70}},"type":"cond-expr","locations":[{"start":{"line":125,"column":35},"end":{"line":125,"column":48}},{"start":{"line":125,"column":51},"end":{"line":125,"column":70}}]},"12":{"loc":{"start":{"line":127,"column":27},"end":{"line":127,"column":66}},"type":"cond-expr","locations":[{"start":{"line":127,"column":39},"end":{"line":127,"column":53}},{"start":{"line":127,"column":56},"end":{"line":127,"column":66}}]}},"s":{"0":0,"1":0,"2":0,"3":0,"4":0,"5":0,"6":0,"7":0,"8":0,"9":0,"10":0,"11":0,"12":0,"13":0,"14":0,"15":0,"16":0,"17":0,"18":0,"19":0,"20":0,"21":0,"22":0,"23":0,"24":0,"25":0,"26":0,"27":0,"28":0,"29":0,"30":0,"31":0,"32":0,"33":0,"34":0,"35":0,"36":0,"37":0,"38":0,"39":0,"40":0,"41":0,"42":0,"43":0,"44":0,"45":0,"46":0,"47":0,"48":0,"49":0,"50":0,"51":0,"52":0,"53":0,"54":0,"55":0,"56":0,"57":0,"58":0,"59":0,"60":0,"61":0,"62":0,"63":0,"64":0,"65":0,"66":0,"67":0},"f":{"0":0,"1":0,"2":0,"3":0,"4":0,"5":0,"6":0,"7":0,"8":0,"9":0,"10":0,"11":0},"b":{"0":[0],"1":[0,0,0,0],"2":[0,0],"3":[0],"4":[0],"5":[0],"6":[0,0],"7":[0],"8":[0,0],"9":[0],"10":[0,0,0],"11":[0,0],"12":[0,0]}}
,"/Users/antonbalkouski/WebstormProjects/Metronome/src/frontend/components/AudioContextProvider.tsx": {"path":"/Users/antonbalkouski/WebstormProjects/Metronome/src/frontend/components/AudioContextProvider.tsx","statementMap":{"0":{"start":{"line":4,"column":77},"end":{"line":39,"column":1}},"1":{"start":{"line":7,"column":29},"end":{"line":7,"column":54}},"2":{"start":{"line":9,"column":2},"end":{"line":36,"column":27}},"3":{"start":{"line":10,"column":34},"end":{"line":16,"column":6}},"4":{"start":{"line":18,"column":34},"end":{"line":25,"column":5}},"5":{"start":{"line":19,"column":6},"end":{"line":19,"column":33}},"6":{"start":{"line":22,"column":6},"end":{"line":24,"column":9}},"7":{"start":{"line":23,"column":8},"end":{"line":23,"column":69}},"8":{"start":{"line":27,"column":4},"end":{"line":29,"column":7}},"9":{"start":{"line":28,"column":6},"end":{"line":28,"column":64}},"10":{"start":{"line":31,"column":4},"end":{"line":35,"column":6}},"11":{"start":{"line":32,"column":6},"end":{"line":34,"column":9}},"12":{"start":{"line":33,"column":8},"end":{"line":33,"column":69}},"13":{"start":{"line":38,"column":2},"end":{"line":38,"column":25}}},"fnMap":{"0":{"name":"(anonymous_0)","decl":{"start":{"line":4,"column":77},"end":{"line":4,"column":78}},"loc":{"start":{"line":6,"column":5},"end":{"line":39,"column":1}}},"1":{"name":"(anonymous_1)","decl":{"start":{"line":9,"column":12},"end":{"line":9,"column":15}},"loc":{"start":{"line":9,"column":17},"end":{"line":36,"column":3}}},"2":{"name":"(anonymous_2)","decl":{"start":{"line":18,"column":34},"end":{"line":18,"column":39}},"loc":{"start":{"line":18,"column":45},"end":{"line":25,"column":5}}},"3":{"name":"(anonymous_3)","decl":{"start":{"line":22,"column":36},"end":{"line":22,"column":37}},"loc":{"start":{"line":22,"column":50},"end":{"line":24,"column":7}}},"4":{"name":"(anonymous_4)","decl":{"start":{"line":27,"column":34},"end":{"line":27,"column":35}},"loc":{"start":{"line":27,"column":48},"end":{"line":29,"column":5}}},"5":{"name":"(anonymous_5)","decl":{"start":{"line":31,"column":11},"end":{"line":31,"column":14}},"loc":{"start":{"line":31,"column":16},"end":{"line":35,"column":5}}},"6":{"name":"(anonymous_6)","decl":{"start":{"line":32,"column":36},"end":{"line":32,"column":37}},"loc":{"start":{"line":32,"column":50},"end":{"line":34,"column":7}}}},"branchMap":{},"s":{"0":0,"1":0,"2":0,"3":0,"4":0,"5":0,"6":0,"7":0,"8":0,"9":0,"10":0,"11":0,"12":0,"13":0},"f":{"0":0,"1":0,"2":0,"3":0,"4":0,"5":0,"6":0},"b":{}}
,"/Users/antonbalkouski/WebstormProjects/Metronome/src/frontend/components/BeatBars.tsx": {"path":"/Users/antonbalkouski/WebstormProjects/Metronome/src/frontend/components/BeatBars.tsx","statementMap":{"0":{"start":{"line":16,"column":18},"end":{"line":16,"column":73}},"1":{"start":{"line":16,"column":71},"end":{"line":16,"column":72}},"2":{"start":{"line":17,"column":2},"end":{"line":33,"column":4}},"3":{"start":{"line":25,"column":8},"end":{"line":26,"column":null}},"4":{"start":{"line":36,"column":16},"end":{"line":69,"column":null}},"5":{"start":{"line":38,"column":17},"end":{"line":38,"column":62}},"6":{"start":{"line":39,"column":26},"end":{"line":39,"column":67}},"7":{"start":{"line":41,"column":24},"end":{"line":45,"column":5}},"8":{"start":{"line":42,"column":27},"end":{"line":42,"column":68}},"9":{"start":{"line":43,"column":23},"end":{"line":43,"column":70}},"10":{"start":{"line":44,"column":6},"end":{"line":44,"column":53}},"11":{"start":{"line":47,"column":4},"end":{"line":68,"column":6}},"12":{"start":{"line":53,"column":23},"end":{"line":53,"column":55}},"13":{"start":{"line":72,"column":25},"end":{"line":98,"column":null}},"14":{"start":{"line":74,"column":25},"end":{"line":80,"column":5}},"15":{"start":{"line":75,"column":26},"end":{"line":75,"column":40}},"16":{"start":{"line":76,"column":6},"end":{"line":78,"column":42}},"17":{"start":{"line":77,"column":35},"end":{"line":77,"column":66}},"18":{"start":{"line":79,"column":6},"end":{"line":79,"column":41}},"19":{"start":{"line":82,"column":25},"end":{"line":82,"column":52}},"20":{"start":{"line":84,"column":4},"end":{"line":97,"column":6}},"21":{"start":{"line":92,"column":10},"end":{"line":92,"column":44}},"22":{"start":{"line":101,"column":27},"end":{"line":123,"column":null}},"23":{"start":{"line":103,"column":25},"end":{"line":107,"column":5}},"24":{"start":{"line":104,"column":6},"end":{"line":104,"column":47}},"25":{"start":{"line":106,"column":6},"end":{"line":106,"column":41}},"26":{"start":{"line":109,"column":4},"end":{"line":122,"column":6}},"27":{"start":{"line":117,"column":10},"end":{"line":117,"column":48}}},"fnMap":{"0":{"name":"BeatBars","decl":{"start":{"line":13,"column":33},"end":{"line":13,"column":41}},"loc":{"start":{"line":15,"column":28},"end":{"line":34,"column":1}}},"1":{"name":"(anonymous_1)","decl":{"start":{"line":16,"column":61},"end":{"line":16,"column":62}},"loc":{"start":{"line":16,"column":71},"end":{"line":16,"column":72}}},"2":{"name":"(anonymous_2)","decl":{"start":{"line":24,"column":19},"end":{"line":24,"column":20}},"loc":{"start":{"line":25,"column":8},"end":{"line":26,"column":null}}},"3":{"name":"(anonymous_3)","decl":{"start":{"line":37,"column":2},"end":{"line":37,"column":3}},"loc":{"start":{"line":37,"column":61},"end":{"line":69,"column":3}}},"4":{"name":"(anonymous_4)","decl":{"start":{"line":41,"column":24},"end":{"line":41,"column":25}},"loc":{"start":{"line":41,"column":61},"end":{"line":45,"column":5}}},"5":{"name":"(anonymous_5)","decl":{"start":{"line":53,"column":12},"end":{"line":53,"column":13}},"loc":{"start":{"line":53,"column":23},"end":{"line":53,"column":55}}},"6":{"name":"(anonymous_6)","decl":{"start":{"line":73,"column":2},"end":{"line":73,"column":3}},"loc":{"start":{"line":73,"column":77},"end":{"line":98,"column":3}}},"7":{"name":"(anonymous_7)","decl":{"start":{"line":74,"column":25},"end":{"line":74,"column":26}},"loc":{"start":{"line":74,"column":69},"end":{"line":80,"column":5}}},"8":{"name":"(anonymous_8)","decl":{"start":{"line":77,"column":19},"end":{"line":77,"column":20}},"loc":{"start":{"line":77,"column":35},"end":{"line":77,"column":66}}},"9":{"name":"(anonymous_9)","decl":{"start":{"line":91,"column":19},"end":{"line":91,"column":20}},"loc":{"start":{"line":92,"column":10},"end":{"line":92,"column":44}}},"10":{"name":"(anonymous_10)","decl":{"start":{"line":102,"column":2},"end":{"line":102,"column":3}},"loc":{"start":{"line":102,"column":77},"end":{"line":123,"column":3}}},"11":{"name":"(anonymous_11)","decl":{"start":{"line":103,"column":25},"end":{"line":103,"column":26}},"loc":{"start":{"line":103,"column":69},"end":{"line":107,"column":5}}},"12":{"name":"(anonymous_12)","decl":{"start":{"line":116,"column":26},"end":{"line":116,"column":27}},"loc":{"start":{"line":117,"column":10},"end":{"line":117,"column":48}}}},"branchMap":{"0":{"loc":{"start":{"line":22,"column":27},"end":{"line":22,"column":100}},"type":"cond-expr","locations":[{"start":{"line":22,"column":87},"end":{"line":22,"column":95}},{"start":{"line":22,"column":98},"end":{"line":22,"column":100}}]},"1":{"loc":{"start":{"line":50,"column":29},"end":{"line":50,"column":59}},"type":"cond-expr","locations":[{"start":{"line":50,"column":45},"end":{"line":50,"column":54}},{"start":{"line":50,"column":57},"end":{"line":50,"column":59}}]},"2":{"loc":{"start":{"line":77,"column":8},"end":{"line":78,"column":41}},"type":"binary-expr","locations":[{"start":{"line":77,"column":8},"end":{"line":77,"column":67}},{"start":{"line":78,"column":8},"end":{"line":78,"column":41}}]}},"s":{"0":0,"1":0,"2":0,"3":0,"4":0,"5":0,"6":0,"7":0,"8":0,"9":0,"10":0,"11":0,"12":0,"13":0,"14":0,"15":0,"16":0,"17":0,"18":0,"19":0,"20":0,"21":0,"22":0,"23":0,"24":0,"25":0,"26":0,"27":0},"f":{"0":0,"1":0,"2":0,"3":0,"4":0,"5":0,"6":0,"7":0,"8":0,"9":0,"10":0,"11":0,"12":0},"b":{"0":[0,0],"1":[0,0],"2":[0,0]}}
,"/Users/antonbalkouski/WebstormProjects/Metronome/src/frontend/components/BpmControls.tsx": {"path":"/Users/antonbalkouski/WebstormProjects/Metronome/src/frontend/components/BpmControls.tsx","statementMap":{"0":{"start":{"line":14,"column":35},"end":{"line":14,"column":63}},"1":{"start":{"line":16,"column":2},"end":{"line":26,"column":4}}},"fnMap":{"0":{"name":"BpmControls","decl":{"start":{"line":11,"column":33},"end":{"line":11,"column":44}},"loc":{"start":{"line":13,"column":28},"end":{"line":27,"column":1}}}},"branchMap":{},"s":{"0":0,"1":0},"f":{"0":0},"b":{}}
,"/Users/antonbalkouski/WebstormProjects/Metronome/src/frontend/components/FlashingBar.tsx": {"path":"/Users/antonbalkouski/WebstormProjects/Metronome/src/frontend/components/FlashingBar.tsx","statementMap":{"0":{"start":{"line":9,"column":24},"end":{"line":9,"column":51}},"1":{"start":{"line":11,"column":2},"end":{"line":19,"column":4}}},"fnMap":{"0":{"name":"FlashingBar","decl":{"start":{"line":6,"column":33},"end":{"line":6,"column":44}},"loc":{"start":{"line":8,"column":28},"end":{"line":20,"column":1}}}},"branchMap":{"0":{"loc":{"start":{"line":16,"column":25},"end":{"line":16,"column":100}},"type":"cond-expr","locations":[{"start":{"line":16,"column":87},"end":{"line":16,"column":95}},{"start":{"line":16,"column":98},"end":{"line":16,"column":100}}]},"1":{"loc":{"start":{"line":17,"column":24},"end":{"line":17,"column":45}},"type":"cond-expr","locations":[{"start":{"line":17,"column":40},"end":{"line":17,"column":41}},{"start":{"line":17,"column":44},"end":{"line":17,"column":45}}]}},"s":{"0":0,"1":0},"f":{"0":0},"b":{"0":[0,0],"1":[0,0]}}
,"/Users/antonbalkouski/WebstormProjects/Metronome/src/frontend/components/LoopCounter.tsx": {"path":"/Users/antonbalkouski/WebstormProjects/Metronome/src/frontend/components/LoopCounter.tsx","statementMap":{"0":{"start":{"line":8,"column":4},"end":{"line":15,"column":6}}},"fnMap":{"0":{"name":"LoopCounter","decl":{"start":{"line":5,"column":33},"end":{"line":5,"column":44}},"loc":{"start":{"line":7,"column":73},"end":{"line":16,"column":1}}}},"branchMap":{},"s":{"0":2},"f":{"0":2},"b":{}}
,"/Users/antonbalkouski/WebstormProjects/Metronome/src/frontend/components/MainPanelControls.tsx": {"path":"/Users/antonbalkouski/WebstormProjects/Metronome/src/frontend/components/MainPanelControls.tsx","statementMap":{"0":{"start":{"line":10,"column":2},"end":{"line":23,"column":4}},"1":{"start":{"line":18,"column":10},"end":{"line":18,"column":67}},"2":{"start":{"line":26,"column":24},"end":{"line":45,"column":null}},"3":{"start":{"line":28,"column":20},"end":{"line":34,"column":5}},"4":{"start":{"line":29,"column":6},"end":{"line":33,"column":7}},"5":{"start":{"line":30,"column":8},"end":{"line":30,"column":41}},"6":{"start":{"line":32,"column":8},"end":{"line":32,"column":42}},"7":{"start":{"line":36,"column":4},"end":{"line":38,"column":7}},"8":{"start":{"line":40,"column":4},"end":{"line":44,"column":6}},"9":{"start":{"line":48,"column":23},"end":{"line":58,"column":null}},"10":{"start":{"line":50,"column":4},"end":{"line":57,"column":6}},"11":{"start":{"line":53,"column":23},"end":{"line":53,"column":77}}},"fnMap":{"0":{"name":"MainPanelControls","decl":{"start":{"line":7,"column":33},"end":{"line":7,"column":50}},"loc":{"start":{"line":9,"column":28},"end":{"line":24,"column":1}}},"1":{"name":"(anonymous_1)","decl":{"start":{"line":17,"column":18},"end":{"line":17,"column":21}},"loc":{"start":{"line":18,"column":10},"end":{"line":18,"column":67}}},"2":{"name":"(anonymous_2)","decl":{"start":{"line":27,"column":2},"end":{"line":27,"column":3}},"loc":{"start":{"line":27,"column":68},"end":{"line":45,"column":3}}},"3":{"name":"(anonymous_3)","decl":{"start":{"line":28,"column":20},"end":{"line":28,"column":23}},"loc":{"start":{"line":28,"column":25},"end":{"line":34,"column":5}}},"4":{"name":"(anonymous_4)","decl":{"start":{"line":49,"column":2},"end":{"line":49,"column":3}},"loc":{"start":{"line":49,"column":68},"end":{"line":58,"column":3}}},"5":{"name":"(anonymous_5)","decl":{"start":{"line":53,"column":17},"end":{"line":53,"column":20}},"loc":{"start":{"line":53,"column":23},"end":{"line":53,"column":77}}}},"branchMap":{"0":{"loc":{"start":{"line":29,"column":6},"end":{"line":33,"column":7}},"type":"if","locations":[{"start":{"line":29,"column":6},"end":{"line":33,"column":7}},{"start":{"line":31,"column":13},"end":{"line":33,"column":7}}]},"1":{"loc":{"start":{"line":42,"column":9},"end":{"line":42,"column":54}},"type":"cond-expr","locations":[{"start":{"line":42,"column":38},"end":{"line":42,"column":44}},{"start":{"line":42,"column":47},"end":{"line":42,"column":54}}]}},"s":{"0":0,"1":0,"2":0,"3":0,"4":0,"5":0,"6":0,"7":0,"8":0,"9":0,"10":0,"11":0},"f":{"0":0,"1":0,"2":0,"3":0,"4":0,"5":0},"b":{"0":[0,0],"1":[0,0]}}
,"/Users/antonbalkouski/WebstormProjects/Metronome/src/frontend/components/Metronome.tsx": {"path":"/Users/antonbalkouski/WebstormProjects/Metronome/src/frontend/components/Metronome.tsx","statementMap":{"0":{"start":{"line":9,"column":2},"end":{"line":9,"column":31}}},"fnMap":{"0":{"name":"Metronome","decl":{"start":{"line":8,"column":9},"end":{"line":8,"column":18}},"loc":{"start":{"line":8,"column":61},"end":{"line":10,"column":1}}}},"branchMap":{},"s":{"0":0},"f":{"0":0},"b":{}}
,"/Users/antonbalkouski/WebstormProjects/Metronome/src/frontend/components/Pendulum.tsx": {"path":"/Users/antonbalkouski/WebstormProjects/Metronome/src/frontend/components/Pendulum.tsx","statementMap":{"0":{"start":{"line":8,"column":25},"end":{"line":8,"column":60}},"1":{"start":{"line":9,"column":22},"end":{"line":9,"column":57}},"2":{"start":{"line":11,"column":2},"end":{"line":67,"column":69}},"3":{"start":{"line":13,"column":35},"end":{"line":13,"column":39}},"4":{"start":{"line":15,"column":20},"end":{"line":53,"column":5}},"5":{"start":{"line":16,"column":6},"end":{"line":18,"column":7}},"6":{"start":{"line":17,"column":8},"end":{"line":17,"column":30}},"7":{"start":{"line":21,"column":23},"end":{"line":21,"column":63}},"8":{"start":{"line":22,"column":28},"end":{"line":22,"column":65}},"9":{"start":{"line":23,"column":26},"end":{"line":23,"column":50}},"10":{"start":{"line":26,"column":27},"end":{"line":26,"column":64}},"11":{"start":{"line":29,"column":26},"end":{"line":29,"column":56}},"12":{"start":{"line":32,"column":28},"end":{"line":32,"column":44}},"13":{"start":{"line":33,"column":20},"end":{"line":33,"column":65}},"14":{"start":{"line":37,"column":6},"end":{"line":43,"column":7}},"15":{"start":{"line":39,"column":8},"end":{"line":39,"column":42}},"16":{"start":{"line":42,"column":8},"end":{"line":42,"column":56}},"17":{"start":{"line":46,"column":6},"end":{"line":49,"column":7}},"18":{"start":{"line":47,"column":30},"end":{"line":47,"column":67}},"19":{"start":{"line":48,"column":8},"end":{"line":48,"column":79}},"20":{"start":{"line":52,"column":6},"end":{"line":52,"column":56}},"21":{"start":{"line":55,"column":4},"end":{"line":60,"column":5}},"22":{"start":{"line":56,"column":6},"end":{"line":56,"column":23}},"23":{"start":{"line":57,"column":6},"end":{"line":57,"column":56}},"24":{"start":{"line":58,"column":11},"end":{"line":60,"column":5}},"25":{"start":{"line":59,"column":6},"end":{"line":59,"column":62}},"26":{"start":{"line":62,"column":4},"end":{"line":66,"column":6}},"27":{"start":{"line":63,"column":6},"end":{"line":65,"column":7}},"28":{"start":{"line":64,"column":8},"end":{"line":64,"column":47}},"29":{"start":{"line":69,"column":2},"end":{"line":84,"column":4}}},"fnMap":{"0":{"name":"Pendulum","decl":{"start":{"line":5,"column":33},"end":{"line":5,"column":41}},"loc":{"start":{"line":7,"column":28},"end":{"line":85,"column":1}}},"1":{"name":"(anonymous_1)","decl":{"start":{"line":11,"column":12},"end":{"line":11,"column":15}},"loc":{"start":{"line":11,"column":17},"end":{"line":67,"column":3}}},"2":{"name":"(anonymous_2)","decl":{"start":{"line":15,"column":20},"end":{"line":15,"column":21}},"loc":{"start":{"line":15,"column":42},"end":{"line":53,"column":5}}},"3":{"name":"(anonymous_3)","decl":{"start":{"line":62,"column":11},"end":{"line":62,"column":14}},"loc":{"start":{"line":62,"column":16},"end":{"line":66,"column":5}}}},"branchMap":{"0":{"loc":{"start":{"line":16,"column":6},"end":{"line":18,"column":7}},"type":"if","locations":[{"start":{"line":16,"column":6},"end":{"line":18,"column":7}}]},"1":{"loc":{"start":{"line":21,"column":23},"end":{"line":21,"column":63}},"type":"binary-expr","locations":[{"start":{"line":21,"column":23},"end":{"line":21,"column":58}},{"start":{"line":21,"column":62},"end":{"line":21,"column":63}}]},"2":{"loc":{"start":{"line":21,"column":23},"end":{"line":21,"column":58}},"type":"cond-expr","locations":[{"start":{"line":21,"column":45},"end":{"line":21,"column":47}},{"start":{"line":21,"column":45},"end":{"line":21,"column":58}}]},"3":{"loc":{"start":{"line":21,"column":23},"end":{"line":21,"column":47}},"type":"binary-expr","locations":[{"start":{"line":21,"column":23},"end":{"line":21,"column":47}},{"start":{"line":21,"column":45},"end":{"line":21,"column":47}}]},"4":{"loc":{"start":{"line":22,"column":28},"end":{"line":22,"column":65}},"type":"binary-expr","locations":[{"start":{"line":22,"column":28},"end":{"line":22,"column":60}},{"start":{"line":22,"column":64},"end":{"line":22,"column":65}}]},"5":{"loc":{"start":{"line":22,"column":28},"end":{"line":22,"column":60}},"type":"cond-expr","locations":[{"start":{"line":22,"column":47},"end":{"line":22,"column":49}},{"start":{"line":22,"column":47},"end":{"line":22,"column":60}}]},"6":{"loc":{"start":{"line":22,"column":28},"end":{"line":22,"column":49}},"type":"binary-expr","locations":[{"start":{"line":22,"column":28},"end":{"line":22,"column":49}},{"start":{"line":22,"column":47},"end":{"line":22,"column":49}}]},"7":{"loc":{"start":{"line":37,"column":6},"end":{"line":43,"column":7}},"type":"if","locations":[{"start":{"line":37,"column":6},"end":{"line":43,"column":7}},{"start":{"line":40,"column":13},"end":{"line":43,"column":7}}]},"8":{"loc":{"start":{"line":46,"column":6},"end":{"line":49,"column":7}},"type":"if","locations":[{"start":{"line":46,"column":6},"end":{"line":49,"column":7}}]},"9":{"loc":{"start":{"line":55,"column":4},"end":{"line":60,"column":5}},"type":"if","locations":[{"start":{"line":55,"column":4},"end":{"line":60,"column":5}},{"start":{"line":58,"column":11},"end":{"line":60,"column":5}}]},"10":{"loc":{"start":{"line":58,"column":11},"end":{"line":60,"column":5}},"type":"if","locations":[{"start":{"line":58,"column":11},"end":{"line":60,"column":5}}]},"11":{"loc":{"start":{"line":63,"column":6},"end":{"line":65,"column":7}},"type":"if","locations":[{"start":{"line":63,"column":6},"end":{"line":65,"column":7}}]},"12":{"loc":{"start":{"line":74,"column":26},"end":{"line":74,"column":98}},"type":"cond-expr","locations":[{"start":{"line":74,"column":85},"end":{"line":74,"column":93}},{"start":{"line":74,"column":96},"end":{"line":74,"column":98}}]}},"s":{"0":0,"1":0,"2":0,"3":0,"4":0,"5":0,"6":0,"7":0,"8":0,"9":0,"10":0,"11":0,"12":0,"13":0,"14":0,"15":0,"16":0,"17":0,"18":0,"19":0,"20":0,"21":0,"22":0,"23":0,"24":0,"25":0,"26":0,"27":0,"28":0,"29":0},"f":{"0":0,"1":0,"2":0,"3":0},"b":{"0":[0],"1":[0,0],"2":[0,0],"3":[0,0],"4":[0,0],"5":[0,0],"6":[0,0],"7":[0,0],"8":[0],"9":[0,0],"10":[0],"11":[0],"12":[0,0]}}
,"/Users/antonbalkouski/WebstormProjects/Metronome/src/frontend/components/SettingsPanel.tsx": {"path":"/Users/antonbalkouski/WebstormProjects/Metronome/src/frontend/components/SettingsPanel.tsx","statementMap":{"0":{"start":{"line":16,"column":28},"end":{"line":17,"column":null}},"1":{"start":{"line":17,"column":30},"end":{"line":17,"column":31}},"2":{"start":{"line":19,"column":29},"end":{"line":19,"column":75}},"3":{"start":{"line":20,"column":2},"end":{"line":55,"column":4}},"4":{"start":{"line":36,"column":14},"end":{"line":36,"column":50}},"5":{"start":{"line":41,"column":10},"end":{"line":42,"column":null}},"6":{"start":{"line":50,"column":23},"end":{"line":50,"column":77}},"7":{"start":{"line":58,"column":17},"end":{"line":101,"column":2}},"8":{"start":{"line":59,"column":15},"end":{"line":59,"column":60}},"9":{"start":{"line":61,"column":32},"end":{"line":65,"column":3}},"10":{"start":{"line":64,"column":4},"end":{"line":64,"column":57}},"11":{"start":{"line":67,"column":2},"end":{"line":100,"column":4}},"12":{"start":{"line":77,"column":12},"end":{"line":77,"column":41}},"13":{"start":{"line":85,"column":10},"end":{"line":86,"column":null}}},"fnMap":{"0":{"name":"SettingsPanel","decl":{"start":{"line":13,"column":33},"end":{"line":13,"column":46}},"loc":{"start":{"line":15,"column":28},"end":{"line":56,"column":1}}},"1":{"name":"(anonymous_1)","decl":{"start":{"line":17,"column":4},"end":{"line":17,"column":5}},"loc":{"start":{"line":17,"column":30},"end":{"line":17,"column":31}}},"2":{"name":"(anonymous_2)","decl":{"start":{"line":35,"column":12},"end":{"line":35,"column":13}},"loc":{"start":{"line":36,"column":14},"end":{"line":36,"column":50}}},"3":{"name":"(anonymous_3)","decl":{"start":{"line":40,"column":21},"end":{"line":40,"column":22}},"loc":{"start":{"line":41,"column":10},"end":{"line":42,"column":null}}},"4":{"name":"(anonymous_4)","decl":{"start":{"line":50,"column":17},"end":{"line":50,"column":20}},"loc":{"start":{"line":50,"column":23},"end":{"line":50,"column":77}}},"5":{"name":"(anonymous_5)","decl":{"start":{"line":58,"column":26},"end":{"line":58,"column":27}},"loc":{"start":{"line":58,"column":77},"end":{"line":101,"column":1}}},"6":{"name":"(anonymous_6)","decl":{"start":{"line":61,"column":32},"end":{"line":61,"column":null}},"loc":{"start":{"line":63,"column":12},"end":{"line":65,"column":3}}},"7":{"name":"(anonymous_7)","decl":{"start":{"line":76,"column":10},"end":{"line":76,"column":11}},"loc":{"start":{"line":77,"column":12},"end":{"line":77,"column":41}}},"8":{"name":"(anonymous_8)","decl":{"start":{"line":84,"column":8},"end":{"line":84,"column":9}},"loc":{"start":{"line":85,"column":10},"end":{"line":86,"column":null}}}},"branchMap":{"0":{"loc":{"start":{"line":23,"column":20},"end":{"line":23,"column":91}},"type":"cond-expr","locations":[{"start":{"line":23,"column":78},"end":{"line":23,"column":80}},{"start":{"line":23,"column":83},"end":{"line":23,"column":91}}]}},"s":{"0":0,"1":0,"2":0,"3":0,"4":0,"5":0,"6":0,"7":0,"8":0,"9":0,"10":0,"11":0,"12":0,"13":0},"f":{"0":0,"1":0,"2":0,"3":0,"4":0,"5":0,"6":0,"7":0,"8":0},"b":{"0":[0,0]}}
,"/Users/antonbalkouski/WebstormProjects/Metronome/src/frontend/components/TimeSignatureControls.tsx": {"path":"/Users/antonbalkouski/WebstormProjects/Metronome/src/frontend/components/TimeSignatureControls.tsx","statementMap":{"0":{"start":{"line":13,"column":2},"end":{"line":21,"column":4}},"1":{"start":{"line":24,"column":26},"end":{"line":60,"column":null}},"2":{"start":{"line":26,"column":26},"end":{"line":28,"column":5}},"3":{"start":{"line":27,"column":6},"end":{"line":27,"column":55}},"4":{"start":{"line":30,"column":26},"end":{"line":32,"column":5}},"5":{"start":{"line":31,"column":6},"end":{"line":31,"column":55}},"6":{"start":{"line":34,"column":4},"end":{"line":59,"column":6}},"7":{"start":{"line":63,"column":26},"end":{"line":95,"column":null}},"8":{"start":{"line":65,"column":26},"end":{"line":67,"column":5}},"9":{"start":{"line":66,"column":6},"end":{"line":66,"column":55}},"10":{"start":{"line":69,"column":26},"end":{"line":71,"column":5}},"11":{"start":{"line":70,"column":6},"end":{"line":70,"column":55}},"12":{"start":{"line":72,"column":4},"end":{"line":94,"column":6}},"13":{"start":{"line":80,"column":24},"end":{"line":80,"column":57}},"14":{"start":{"line":88,"column":24},"end":{"line":88,"column":56}},"15":{"start":{"line":98,"column":26},"end":{"line":108,"column":null}},"16":{"start":{"line":100,"column":4},"end":{"line":107,"column":6}}},"fnMap":{"0":{"name":"TimeSignatureControls","decl":{"start":{"line":10,"column":33},"end":{"line":10,"column":54}},"loc":{"start":{"line":12,"column":28},"end":{"line":22,"column":1}}},"1":{"name":"(anonymous_1)","decl":{"start":{"line":25,"column":2},"end":{"line":25,"column":3}},"loc":{"start":{"line":25,"column":68},"end":{"line":60,"column":3}}},"2":{"name":"(anonymous_2)","decl":{"start":{"line":26,"column":26},"end":{"line":26,"column":29}},"loc":{"start":{"line":26,"column":31},"end":{"line":28,"column":5}}},"3":{"name":"(anonymous_3)","decl":{"start":{"line":30,"column":26},"end":{"line":30,"column":29}},"loc":{"start":{"line":30,"column":31},"end":{"line":32,"column":5}}},"4":{"name":"(anonymous_4)","decl":{"start":{"line":64,"column":2},"end":{"line":64,"column":3}},"loc":{"start":{"line":64,"column":68},"end":{"line":95,"column":3}}},"5":{"name":"(anonymous_5)","decl":{"start":{"line":65,"column":26},"end":{"line":65,"column":29}},"loc":{"start":{"line":65,"column":31},"end":{"line":67,"column":5}}},"6":{"name":"(anonymous_6)","decl":{"start":{"line":69,"column":26},"end":{"line":69,"column":29}},"loc":{"start":{"line":69,"column":31},"end":{"line":71,"column":5}}},"7":{"name":"(anonymous_7)","decl":{"start":{"line":80,"column":14},"end":{"line":80,"column":15}},"loc":{"start":{"line":80,"column":24},"end":{"line":80,"column":57}}},"8":{"name":"(anonymous_8)","decl":{"start":{"line":88,"column":14},"end":{"line":88,"column":15}},"loc":{"start":{"line":88,"column":24},"end":{"line":88,"column":56}}},"9":{"name":"(anonymous_9)","decl":{"start":{"line":99,"column":2},"end":{"line":99,"column":3}},"loc":{"start":{"line":99,"column":66},"end":{"line":108,"column":3}}}},"branchMap":{},"s":{"0":0,"1":0,"2":0,"3":0,"4":0,"5":0,"6":0,"7":0,"8":0,"9":0,"10":0,"11":0,"12":0,"13":0,"14":0,"15":0,"16":0},"f":{"0":0,"1":0,"2":0,"3":0,"4":0,"5":0,"6":0,"7":0,"8":0,"9":0},"b":{}}
,"/Users/antonbalkouski/WebstormProjects/Metronome/src/frontend/components/TrainingSettings.tsx": {"path":"/Users/antonbalkouski/WebstormProjects/Metronome/src/frontend/components/TrainingSettings.tsx","statementMap":{"0":{"start":{"line":15,"column":4},"end":{"line":15,"column":40}},"1":{"start":{"line":22,"column":6},"end":{"line":22,"column":25}},"2":{"start":{"line":24,"column":2},"end":{"line":49,"column":4}}},"fnMap":{"0":{"name":"TrainingSettings","decl":{"start":{"line":11,"column":33},"end":{"line":11,"column":49}},"loc":{"start":{"line":13,"column":28},"end":{"line":50,"column":1}}}},"branchMap":{"0":{"loc":{"start":{"line":28,"column":25},"end":{"line":28,"column":56}},"type":"cond-expr","locations":[{"start":{"line":28,"column":43},"end":{"line":28,"column":51}},{"start":{"line":28,"column":54},"end":{"line":28,"column":56}}]}},"s":{"0":0,"1":0,"2":0},"f":{"0":0},"b":{"0":[0,0]}}
,"/Users/antonbalkouski/WebstormProjects/Metronome/src/frontend/components/UtilityComponents.tsx": {"path":"/Users/antonbalkouski/WebstormProjects/Metronome/src/frontend/components/UtilityComponents.tsx","statementMap":{"0":{"start":{"line":11,"column":33},"end":{"line":60,"column":null}},"1":{"start":{"line":21,"column":4},"end":{"line":59,"column":6}},"2":{"start":{"line":28,"column":27},"end":{"line":28,"column":51}},"3":{"start":{"line":34,"column":27},"end":{"line":34,"column":51}},"4":{"start":{"line":48,"column":27},"end":{"line":48,"column":51}},"5":{"start":{"line":54,"column":27},"end":{"line":54,"column":51}},"6":{"start":{"line":63,"column":30},"end":{"line":73,"column":null}},"7":{"start":{"line":65,"column":4},"end":{"line":71,"column":null}},"8":{"start":{"line":76,"column":26},"end":{"line":133,"column":null}},"9":{"start":{"line":85,"column":40},"end":{"line":85,"column":75}},"10":{"start":{"line":87,"column":4},"end":{"line":89,"column":19}},"11":{"start":{"line":88,"column":6},"end":{"line":88,"column":30}},"12":{"start":{"line":91,"column":25},"end":{"line":115,"column":5}},"13":{"start":{"line":92,"column":26},"end":{"line":92,"column":40}},"14":{"start":{"line":94,"column":6},"end":{"line":97,"column":7}},"15":{"start":{"line":95,"column":8},"end":{"line":95,"column":26}},"16":{"start":{"line":96,"column":8},"end":{"line":96,"column":15}},"17":{"start":{"line":100,"column":6},"end":{"line":103,"column":7}},"18":{"start":{"line":101,"column":8},"end":{"line":101,"column":41}},"19":{"start":{"line":102,"column":8},"end":{"line":102,"column":39}},"20":{"start":{"line":106,"column":29},"end":{"line":106,"column":48}},"21":{"start":{"line":108,"column":6},"end":{"line":112,"column":7}},"22":{"start":{"line":109,"column":8},"end":{"line":109,"column":28}},"23":{"start":{"line":110,"column":13},"end":{"line":112,"column":7}},"24":{"start":{"line":111,"column":8},"end":{"line":111,"column":28}},"25":{"start":{"line":114,"column":6},"end":{"line":114,"column":30}},"26":{"start":{"line":117,"column":35},"end":{"line":121,"column":5}},"27":{"start":{"line":118,"column":23},"end":{"line":118,"column":76}},"28":{"start":{"line":119,"column":6},"end":{"line":119,"column":30}},"29":{"start":{"line":120,"column":6},"end":{"line":120,"column":30}},"30":{"start":{"line":123,"column":4},"end":{"line":132,"column":6}},"31":{"start":{"line":130,"column":26},"end":{"line":130,"column":49}},"32":{"start":{"line":136,"column":30},"end":{"line":144,"column":null}},"33":{"start":{"line":138,"column":4},"end":{"line":143,"column":6}}},"fnMap":{"0":{"name":"(anonymous_0)","decl":{"start":{"line":12,"column":2},"end":{"line":12,"column":3}},"loc":{"start":{"line":20,"column":49},"end":{"line":60,"column":3}}},"1":{"name":"(anonymous_1)","decl":{"start":{"line":28,"column":21},"end":{"line":28,"column":24}},"loc":{"start":{"line":28,"column":27},"end":{"line":28,"column":51}}},"2":{"name":"(anonymous_2)","decl":{"start":{"line":34,"column":21},"end":{"line":34,"column":24}},"loc":{"start":{"line":34,"column":27},"end":{"line":34,"column":51}}},"3":{"name":"(anonymous_3)","decl":{"start":{"line":48,"column":21},"end":{"line":48,"column":24}},"loc":{"start":{"line":48,"column":27},"end":{"line":48,"column":51}}},"4":{"name":"(anonymous_4)","decl":{"start":{"line":54,"column":21},"end":{"line":54,"column":24}},"loc":{"start":{"line":54,"column":27},"end":{"line":54,"column":51}}},"5":{"name":"(anonymous_5)","decl":{"start":{"line":64,"column":2},"end":{"line":64,"column":3}},"loc":{"start":{"line":65,"column":4},"end":{"line":71,"column":null}}},"6":{"name":"(anonymous_6)","decl":{"start":{"line":77,"column":2},"end":{"line":77,"column":3}},"loc":{"start":{"line":84,"column":42},"end":{"line":133,"column":3}}},"7":{"name":"(anonymous_7)","decl":{"start":{"line":87,"column":14},"end":{"line":87,"column":17}},"loc":{"start":{"line":87,"column":19},"end":{"line":89,"column":5}}},"8":{"name":"(anonymous_8)","decl":{"start":{"line":91,"column":25},"end":{"line":91,"column":26}},"loc":{"start":{"line":91,"column":68},"end":{"line":115,"column":5}}},"9":{"name":"(anonymous_9)","decl":{"start":{"line":117,"column":35},"end":{"line":117,"column":44}},"loc":{"start":{"line":117,"column":46},"end":{"line":121,"column":5}}},"10":{"name":"(anonymous_10)","decl":{"start":{"line":130,"column":19},"end":{"line":130,"column":20}},"loc":{"start":{"line":130,"column":26},"end":{"line":130,"column":49}}},"11":{"name":"(anonymous_11)","decl":{"start":{"line":137,"column":2},"end":{"line":137,"column":3}},"loc":{"start":{"line":137,"column":78},"end":{"line":144,"column":3}}}},"branchMap":{"0":{"loc":{"start":{"line":69,"column":17},"end":{"line":69,"column":47}},"type":"cond-expr","locations":[{"start":{"line":69,"column":28},"end":{"line":69,"column":42}},{"start":{"line":69,"column":45},"end":{"line":69,"column":47}}]},"1":{"loc":{"start":{"line":94,"column":6},"end":{"line":97,"column":7}},"type":"if","locations":[{"start":{"line":94,"column":6},"end":{"line":97,"column":7}}]},"2":{"loc":{"start":{"line":100,"column":6},"end":{"line":103,"column":7}},"type":"if","locations":[{"start":{"line":100,"column":6},"end":{"line":103,"column":7}}]},"3":{"loc":{"start":{"line":108,"column":6},"end":{"line":112,"column":7}},"type":"if","locations":[{"start":{"line":108,"column":6},"end":{"line":112,"column":7}},{"start":{"line":110,"column":13},"end":{"line":112,"column":7}}]},"4":{"loc":{"start":{"line":110,"column":13},"end":{"line":112,"column":7}},"type":"if","locations":[{"start":{"line":110,"column":13},"end":{"line":112,"column":7}}]},"5":{"loc":{"start":{"line":118,"column":23},"end":{"line":118,"column":76}},"type":"cond-expr","locations":[{"start":{"line":118,"column":43},"end":{"line":118,"column":55}},{"start":{"line":118,"column":58},"end":{"line":118,"column":76}}]}},"s":{"0":0,"1":0,"2":0,"3":0,"4":0,"5":0,"6":0,"7":0,"8":0,"9":0,"10":0,"11":0,"12":0,"13":0,"14":0,"15":0,"16":0,"17":0,"18":0,"19":0,"20":0,"21":0,"22":0,"23":0,"24":0,"25":0,"26":0,"27":0,"28":0,"29":0,"30":0,"31":0,"32":0,"33":0},"f":{"0":0,"1":0,"2":0,"3":0,"4":0,"5":0,"6":0,"7":0,"8":0,"9":0,"10":0,"11":0},"b":{"0":[0,0],"1":[0],"2":[0],"3":[0,0],"4":[0],"5":[0,0]}}
,"/Users/antonbalkouski/WebstormProjects/Metronome/src/frontend/components/VisualsCheckBoxControls.tsx": {"path":"/Users/antonbalkouski/WebstormProjects/Metronome/src/frontend/components/VisualsCheckBoxControls.tsx","statementMap":{"0":{"start":{"line":9,"column":2},"end":{"line":36,"column":4}},"1":{"start":{"line":15,"column":10},"end":{"line":15,"column":74}},"2":{"start":{"line":23,"column":10},"end":{"line":23,"column":77}},"3":{"start":{"line":31,"column":10},"end":{"line":31,"column":74}}},"fnMap":{"0":{"name":"VisualCheckBoxControls","decl":{"start":{"line":6,"column":33},"end":{"line":6,"column":55}},"loc":{"start":{"line":8,"column":28},"end":{"line":37,"column":1}}},"1":{"name":"(anonymous_1)","decl":{"start":{"line":14,"column":18},"end":{"line":14,"column":21}},"loc":{"start":{"line":15,"column":10},"end":{"line":15,"column":74}}},"2":{"name":"(anonymous_2)","decl":{"start":{"line":22,"column":18},"end":{"line":22,"column":21}},"loc":{"start":{"line":23,"column":10},"end":{"line":23,"column":77}}},"3":{"name":"(anonymous_3)","decl":{"start":{"line":30,"column":18},"end":{"line":30,"column":21}},"loc":{"start":{"line":31,"column":10},"end":{"line":31,"column":74}}}},"branchMap":{},"s":{"0":0,"1":0,"2":0,"3":0},"f":{"0":0,"1":0,"2":0,"3":0},"b":{}}
,"/Users/antonbalkouski/WebstormProjects/Metronome/src/frontend/hooks/useHotKeys.ts": {"path":"/Users/antonbalkouski/WebstormProjects/Metronome/src/frontend/hooks/useHotKeys.ts","statementMap":{"0":{"start":{"line":3,"column":26},"end":{"line":30,"column":1}},"1":{"start":{"line":4,"column":2},"end":{"line":29,"column":20}},"2":{"start":{"line":5,"column":26},"end":{"line":22,"column":5}},"3":{"start":{"line":6,"column":58},"end":{"line":6,"column":63}},"4":{"start":{"line":8,"column":26},"end":{"line":16,"column":18}},"5":{"start":{"line":18,"column":6},"end":{"line":21,"column":7}},"6":{"start":{"line":19,"column":8},"end":{"line":19,"column":31}},"7":{"start":{"line":20,"column":8},"end":{"line":20,"column":35}},"8":{"start":{"line":24,"column":4},"end":{"line":24,"column":54}},"9":{"start":{"line":26,"column":4},"end":{"line":28,"column":6}},"10":{"start":{"line":27,"column":6},"end":{"line":27,"column":59}}},"fnMap":{"0":{"name":"(anonymous_0)","decl":{"start":{"line":3,"column":26},"end":{"line":3,"column":27}},"loc":{"start":{"line":3,"column":54},"end":{"line":30,"column":1}}},"1":{"name":"(anonymous_1)","decl":{"start":{"line":4,"column":12},"end":{"line":4,"column":15}},"loc":{"start":{"line":4,"column":17},"end":{"line":29,"column":3}}},"2":{"name":"(anonymous_2)","decl":{"start":{"line":5,"column":26},"end":{"line":5,"column":27}},"loc":{"start":{"line":5,"column":62},"end":{"line":22,"column":5}}},"3":{"name":"(anonymous_3)","decl":{"start":{"line":26,"column":11},"end":{"line":26,"column":14}},"loc":{"start":{"line":26,"column":16},"end":{"line":28,"column":5}}}},"branchMap":{"0":{"loc":{"start":{"line":9,"column":8},"end":{"line":9,"column":27}},"type":"binary-expr","locations":[{"start":{"line":9,"column":8},"end":{"line":9,"column":16}},{"start":{"line":9,"column":20},"end":{"line":9,"column":27}}]},"1":{"loc":{"start":{"line":10,"column":8},"end":{"line":10,"column":23}},"type":"binary-expr","locations":[{"start":{"line":10,"column":8},"end":{"line":10,"column":14}},{"start":{"line":10,"column":18},"end":{"line":10,"column":23}}]},"2":{"loc":{"start":{"line":11,"column":8},"end":{"line":11,"column":25}},"type":"binary-expr","locations":[{"start":{"line":11,"column":8},"end":{"line":11,"column":15}},{"start":{"line":11,"column":19},"end":{"line":11,"column":25}}]},"3":{"loc":{"start":{"line":12,"column":8},"end":{"line":12,"column":25}},"type":"binary-expr","locations":[{"start":{"line":12,"column":8},"end":{"line":12,"column":15}},{"start":{"line":12,"column":19},"end":{"line":12,"column":25}}]},"4":{"loc":{"start":{"line":18,"column":6},"end":{"line":21,"column":7}},"type":"if","locations":[{"start":{"line":18,"column":6},"end":{"line":21,"column":7}}]}},"s":{"0":0,"1":0,"2":0,"3":0,"4":0,"5":0,"6":0,"7":0,"8":0,"9":0,"10":0},"f":{"0":0,"1":0,"2":0,"3":0},"b":{"0":[0,0],"1":[0,0],"2":[0,0],"3":[0,0],"4":[0]}}
,"/Users/antonbalkouski/WebstormProjects/Metronome/src/frontend/managers/BeatBarsManager.ts": {"path":"/Users/antonbalkouski/WebstormProjects/Metronome/src/frontend/managers/BeatBarsManager.ts","statementMap":{"0":{"start":{"line":19,"column":19},"end":{"line":22,"column":4}},"1":{"start":{"line":26,"column":4},"end":{"line":26,"column":21}},"2":{"start":{"line":27,"column":4},"end":{"line":27,"column":45}},"3":{"start":{"line":28,"column":4},"end":{"line":28,"column":25}},"4":{"start":{"line":29,"column":4},"end":{"line":29,"column":31}},"5":{"start":{"line":30,"column":4},"end":{"line":30,"column":29}},"6":{"start":{"line":34,"column":4},"end":{"line":34,"column":31}},"7":{"start":{"line":38,"column":4},"end":{"line":38,"column":23}},"8":{"start":{"line":47,"column":4},"end":{"line":47,"column":67}},"9":{"start":{"line":51,"column":4},"end":{"line":56,"column":6}},"10":{"start":{"line":60,"column":4},"end":{"line":60,"column":22}},"11":{"start":{"line":64,"column":4},"end":{"line":66,"column":5}},"12":{"start":{"line":64,"column":17},"end":{"line":64,"column":18}},"13":{"start":{"line":65,"column":6},"end":{"line":65,"column":30}},"14":{"start":{"line":70,"column":4},"end":{"line":70,"column":45}},"15":{"start":{"line":71,"column":4},"end":{"line":71,"column":44}},"16":{"start":{"line":75,"column":4},"end":{"line":75,"column":19}},"17":{"start":{"line":76,"column":4},"end":{"line":76,"column":44}},"18":{"start":{"line":80,"column":4},"end":{"line":80,"column":34}},"19":{"start":{"line":84,"column":4},"end":{"line":84,"column":35}},"20":{"start":{"line":89,"column":4},"end":{"line":95,"column":7}},"21":{"start":{"line":90,"column":27},"end":{"line":91,"column":null}},"22":{"start":{"line":91,"column":18},"end":{"line":91,"column":56}},"23":{"start":{"line":93,"column":23},"end":{"line":93,"column":58}},"24":{"start":{"line":94,"column":6},"end":{"line":94,"column":42}},"25":{"start":{"line":96,"column":4},"end":{"line":96,"column":44}},"26":{"start":{"line":101,"column":23},"end":{"line":101,"column":41}},"27":{"start":{"line":102,"column":24},"end":{"line":102,"column":26}},"28":{"start":{"line":104,"column":4},"end":{"line":111,"column":5}},"29":{"start":{"line":104,"column":21},"end":{"line":104,"column":22}},"30":{"start":{"line":105,"column":38},"end":{"line":105,"column":69}},"31":{"start":{"line":106,"column":25},"end":{"line":106,"column":54}},"32":{"start":{"line":108,"column":6},"end":{"line":110,"column":7}},"33":{"start":{"line":108,"column":19},"end":{"line":108,"column":20}},"34":{"start":{"line":109,"column":8},"end":{"line":109,"column":68}},"35":{"start":{"line":113,"column":24},"end":{"line":113,"column":45}},"36":{"start":{"line":114,"column":20},"end":{"line":114,"column":21}},"37":{"start":{"line":116,"column":4},"end":{"line":125,"column":5}},"38":{"start":{"line":116,"column":21},"end":{"line":116,"column":22}},"39":{"start":{"line":117,"column":25},"end":{"line":117,"column":54}},"40":{"start":{"line":118,"column":38},"end":{"line":118,"column":69}},"41":{"start":{"line":120,"column":6},"end":{"line":124,"column":7}},"42":{"start":{"line":121,"column":8},"end":{"line":121,"column":63}},"43":{"start":{"line":123,"column":8},"end":{"line":123,"column":59}},"44":{"start":{"line":127,"column":4},"end":{"line":127,"column":46}},"45":{"start":{"line":128,"column":4},"end":{"line":128,"column":50}}},"fnMap":{"0":{"name":"(anonymous_0)","decl":{"start":{"line":25,"column":2},"end":{"line":25,"column":14}},"loc":{"start":{"line":25,"column":48},"end":{"line":31,"column":3}}},"1":{"name":"(anonymous_1)","decl":{"start":{"line":33,"column":2},"end":{"line":33,"column":6}},"loc":{"start":{"line":33,"column":19},"end":{"line":35,"column":3}}},"2":{"name":"(anonymous_2)","decl":{"start":{"line":37,"column":2},"end":{"line":37,"column":6}},"loc":{"start":{"line":37,"column":11},"end":{"line":39,"column":3}}},"3":{"name":"(anonymous_3)","decl":{"start":{"line":41,"column":2},"end":{"line":41,"column":9}},"loc":{"start":{"line":45,"column":21},"end":{"line":48,"column":3}}},"4":{"name":"(anonymous_4)","decl":{"start":{"line":50,"column":2},"end":{"line":50,"column":17}},"loc":{"start":{"line":50,"column":35},"end":{"line":57,"column":3}}},"5":{"name":"(anonymous_5)","decl":{"start":{"line":59,"column":2},"end":{"line":59,"column":9}},"loc":{"start":{"line":59,"column":9},"end":{"line":61,"column":3}}},"6":{"name":"(anonymous_6)","decl":{"start":{"line":63,"column":2},"end":{"line":63,"column":15}},"loc":{"start":{"line":63,"column":15},"end":{"line":67,"column":3}}},"7":{"name":"(anonymous_7)","decl":{"start":{"line":69,"column":2},"end":{"line":69,"column":15}},"loc":{"start":{"line":69,"column":15},"end":{"line":72,"column":3}}},"8":{"name":"(anonymous_8)","decl":{"start":{"line":74,"column":2},"end":{"line":74,"column":15}},"loc":{"start":{"line":74,"column":15},"end":{"line":77,"column":3}}},"9":{"name":"(anonymous_9)","decl":{"start":{"line":79,"column":2},"end":{"line":79,"column":15}},"loc":{"start":{"line":79,"column":15},"end":{"line":81,"column":3}}},"10":{"name":"(anonymous_10)","decl":{"start":{"line":83,"column":2},"end":{"line":83,"column":15}},"loc":{"start":{"line":83,"column":15},"end":{"line":85,"column":3}}},"11":{"name":"(anonymous_11)","decl":{"start":{"line":88,"column":2},"end":{"line":88,"column":20}},"loc":{"start":{"line":88,"column":39},"end":{"line":97,"column":3}}},"12":{"name":"(anonymous_12)","decl":{"start":{"line":89,"column":24},"end":{"line":89,"column":25}},"loc":{"start":{"line":89,"column":33},"end":{"line":95,"column":5}}},"13":{"name":"(anonymous_13)","decl":{"start":{"line":91,"column":8},"end":{"line":91,"column":9}},"loc":{"start":{"line":91,"column":18},"end":{"line":91,"column":56}}},"14":{"name":"(anonymous_14)","decl":{"start":{"line":100,"column":2},"end":{"line":100,"column":21}},"loc":{"start":{"line":100,"column":21},"end":{"line":129,"column":3}}}},"branchMap":{"0":{"loc":{"start":{"line":93,"column":39},"end":{"line":93,"column":57}},"type":"cond-expr","locations":[{"start":{"line":93,"column":51},"end":{"line":93,"column":52}},{"start":{"line":93,"column":55},"end":{"line":93,"column":57}}]},"1":{"loc":{"start":{"line":108,"column":27},"end":{"line":108,"column":66}},"type":"cond-expr","locations":[{"start":{"line":108,"column":39},"end":{"line":108,"column":53}},{"start":{"line":108,"column":56},"end":{"line":108,"column":66}}]},"2":{"loc":{"start":{"line":109,"column":25},"end":{"line":109,"column":66}},"type":"cond-expr","locations":[{"start":{"line":109,"column":37},"end":{"line":109,"column":55}},{"start":{"line":109,"column":58},"end":{"line":109,"column":66}}]},"3":{"loc":{"start":{"line":120,"column":6},"end":{"line":124,"column":7}},"type":"if","locations":[{"start":{"line":120,"column":6},"end":{"line":124,"column":7}},{"start":{"line":122,"column":13},"end":{"line":124,"column":7}}]}},"s":{"0":0,"1":0,"2":0,"3":0,"4":0,"5":0,"6":0,"7":0,"8":0,"9":0,"10":0,"11":0,"12":0,"13":0,"14":0,"15":0,"16":0,"17":0,"18":0,"19":0,"20":0,"21":0,"22":0,"23":0,"24":0,"25":0,"26":0,"27":0,"28":0,"29":0,"30":0,"31":0,"32":0,"33":0,"34":0,"35":0,"36":0,"37":0,"38":0,"39":0,"40":0,"41":0,"42":0,"43":0,"44":0,"45":0},"f":{"0":0,"1":0,"2":0,"3":0,"4":0,"5":0,"6":0,"7":0,"8":0,"9":0,"10":0,"11":0,"12":0,"13":0,"14":0},"b":{"0":[0,0],"1":[0,0],"2":[0,0],"3":[0,0]}}
,"/Users/antonbalkouski/WebstormProjects/Metronome/src/frontend/managers/ElementsManager.ts": {"path":"/Users/antonbalkouski/WebstormProjects/Metronome/src/frontend/managers/ElementsManager.ts","statementMap":{"0":{"start":{"line":4,"column":10},"end":{"line":4,"column":51}},"1":{"start":{"line":7,"column":4},"end":{"line":7,"column":29}},"2":{"start":{"line":11,"column":4},"end":{"line":11,"column":40}},"3":{"start":{"line":15,"column":4},"end":{"line":15,"column":65}}},"fnMap":{"0":{"name":"(anonymous_0)","decl":{"start":{"line":6,"column":2},"end":{"line":6,"column":null}},"loc":{"start":{"line":6,"column":2},"end":{"line":8,"column":3}}},"1":{"name":"(anonymous_1)","decl":{"start":{"line":10,"column":2},"end":{"line":10,"column":6}},"loc":{"start":{"line":10,"column":28},"end":{"line":12,"column":3}}},"2":{"name":"(anonymous_2)","decl":{"start":{"line":14,"column":2},"end":{"line":14,"column":21}},"loc":{"start":{"line":14,"column":21},"end":{"line":16,"column":3}}}},"branchMap":{},"s":{"0":0,"1":0,"2":0,"3":0},"f":{"0":0,"1":0,"2":0},"b":{}}
,"/Users/antonbalkouski/WebstormProjects/Metronome/src/frontend/managers/MetronomeManager.ts": {"path":"/Users/antonbalkouski/WebstormProjects/Metronome/src/frontend/managers/MetronomeManager.ts","statementMap":{"0":{"start":{"line":18,"column":4},"end":{"line":18,"column":28}},"1":{"start":{"line":20,"column":4},"end":{"line":20,"column":54}},"2":{"start":{"line":21,"column":4},"end":{"line":21,"column":50}},"3":{"start":{"line":22,"column":4},"end":{"line":22,"column":62}},"4":{"start":{"line":23,"column":4},"end":{"line":23,"column":60}},"5":{"start":{"line":24,"column":4},"end":{"line":24,"column":47}},"6":{"start":{"line":26,"column":4},"end":{"line":26,"column":29}},"7":{"start":{"line":30,"column":4},"end":{"line":30,"column":29}},"8":{"start":{"line":34,"column":4},"end":{"line":34,"column":27}},"9":{"start":{"line":38,"column":4},"end":{"line":38,"column":33}},"10":{"start":{"line":42,"column":4},"end":{"line":42,"column":33}},"11":{"start":{"line":46,"column":4},"end":{"line":46,"column":37}},"12":{"start":{"line":50,"column":4},"end":{"line":50,"column":38}},"13":{"start":{"line":54,"column":4},"end":{"line":54,"column":27}},"14":{"start":{"line":55,"column":4},"end":{"line":55,"column":37}},"15":{"start":{"line":59,"column":4},"end":{"line":59,"column":28}},"16":{"start":{"line":60,"column":4},"end":{"line":60,"column":36}},"17":{"start":{"line":64,"column":4},"end":{"line":64,"column":43}},"18":{"start":{"line":65,"column":4},"end":{"line":65,"column":48}}},"fnMap":{"0":{"name":"(anonymous_0)","decl":{"start":{"line":17,"column":2},"end":{"line":17,"column":null}},"loc":{"start":{"line":17,"column":2},"end":{"line":27,"column":3}}},"1":{"name":"(anonymous_1)","decl":{"start":{"line":29,"column":2},"end":{"line":29,"column":6}},"loc":{"start":{"line":29,"column":17},"end":{"line":31,"column":3}}},"2":{"name":"(anonymous_2)","decl":{"start":{"line":33,"column":2},"end":{"line":33,"column":6}},"loc":{"start":{"line":33,"column":15},"end":{"line":35,"column":3}}},"3":{"name":"(anonymous_3)","decl":{"start":{"line":37,"column":2},"end":{"line":37,"column":6}},"loc":{"start":{"line":37,"column":21},"end":{"line":39,"column":3}}},"4":{"name":"(anonymous_4)","decl":{"start":{"line":41,"column":2},"end":{"line":41,"column":6}},"loc":{"start":{"line":41,"column":21},"end":{"line":43,"column":3}}},"5":{"name":"(anonymous_5)","decl":{"start":{"line":45,"column":2},"end":{"line":45,"column":6}},"loc":{"start":{"line":45,"column":25},"end":{"line":47,"column":3}}},"6":{"name":"(anonymous_6)","decl":{"start":{"line":49,"column":2},"end":{"line":49,"column":6}},"loc":{"start":{"line":49,"column":26},"end":{"line":51,"column":3}}},"7":{"name":"(anonymous_7)","decl":{"start":{"line":53,"column":2},"end":{"line":53,"column":16}},"loc":{"start":{"line":53,"column":16},"end":{"line":56,"column":3}}},"8":{"name":"(anonymous_8)","decl":{"start":{"line":58,"column":2},"end":{"line":58,"column":15}},"loc":{"start":{"line":58,"column":15},"end":{"line":61,"column":3}}},"9":{"name":"(anonymous_9)","decl":{"start":{"line":63,"column":2},"end":{"line":63,"column":17}},"loc":{"start":{"line":63,"column":17},"end":{"line":66,"column":3}}}},"branchMap":{},"s":{"0":0,"1":0,"2":0,"3":0,"4":0,"5":0,"6":0,"7":0,"8":0,"9":0,"10":0,"11":0,"12":0,"13":0,"14":0,"15":0,"16":0,"17":0,"18":0},"f":{"0":0,"1":0,"2":0,"3":0,"4":0,"5":0,"6":0,"7":0,"8":0,"9":0},"b":{}}
,"/Users/antonbalkouski/WebstormProjects/Metronome/src/frontend/managers/VisualEffectsManager.ts": {"path":"/Users/antonbalkouski/WebstormProjects/Metronome/src/frontend/managers/VisualEffectsManager.ts","statementMap":{"0":{"start":{"line":4,"column":10},"end":{"line":4,"column":45}},"1":{"start":{"line":5,"column":10},"end":{"line":5,"column":48}},"2":{"start":{"line":6,"column":10},"end":{"line":6,"column":46}},"3":{"start":{"line":9,"column":4},"end":{"line":9,"column":29}},"4":{"start":{"line":13,"column":4},"end":{"line":13,"column":35}},"5":{"start":{"line":17,"column":4},"end":{"line":17,"column":38}},"6":{"start":{"line":21,"column":4},"end":{"line":21,"column":36}},"7":{"start":{"line":25,"column":4},"end":{"line":25,"column":55}},"8":{"start":{"line":29,"column":4},"end":{"line":29,"column":61}},"9":{"start":{"line":33,"column":4},"end":{"line":33,"column":57}}},"fnMap":{"0":{"name":"(anonymous_0)","decl":{"start":{"line":8,"column":2},"end":{"line":8,"column":null}},"loc":{"start":{"line":8,"column":2},"end":{"line":10,"column":3}}},"1":{"name":"(anonymous_1)","decl":{"start":{"line":12,"column":2},"end":{"line":12,"column":6}},"loc":{"start":{"line":12,"column":23},"end":{"line":14,"column":3}}},"2":{"name":"(anonymous_2)","decl":{"start":{"line":16,"column":2},"end":{"line":16,"column":6}},"loc":{"start":{"line":16,"column":26},"end":{"line":18,"column":3}}},"3":{"name":"(anonymous_3)","decl":{"start":{"line":20,"column":2},"end":{"line":20,"column":6}},"loc":{"start":{"line":20,"column":24},"end":{"line":22,"column":3}}},"4":{"name":"(anonymous_4)","decl":{"start":{"line":24,"column":2},"end":{"line":24,"column":26}},"loc":{"start":{"line":24,"column":26},"end":{"line":26,"column":3}}},"5":{"name":"(anonymous_5)","decl":{"start":{"line":28,"column":2},"end":{"line":28,"column":29}},"loc":{"start":{"line":28,"column":29},"end":{"line":30,"column":3}}},"6":{"name":"(anonymous_6)","decl":{"start":{"line":32,"column":2},"end":{"line":32,"column":26}},"loc":{"start":{"line":32,"column":26},"end":{"line":34,"column":3}}}},"branchMap":{},"s":{"0":0,"1":0,"2":0,"3":0,"4":0,"5":0,"6":0,"7":0,"8":0,"9":0},"f":{"0":0,"1":0,"2":0,"3":0,"4":0,"5":0,"6":0},"b":{}}
,"/Users/antonbalkouski/WebstormProjects/Metronome/src/frontend/models/Note.ts": {"path":"/Users/antonbalkouski/WebstormProjects/Metronome/src/frontend/models/Note.ts","statementMap":{"0":{"start":{"line":8,"column":4},"end":{"line":8,"column":30}},"1":{"start":{"line":9,"column":4},"end":{"line":9,"column":32}},"2":{"start":{"line":10,"column":4},"end":{"line":10,"column":95}},"3":{"start":{"line":11,"column":4},"end":{"line":11,"column":55}},"4":{"start":{"line":15,"column":4},"end":{"line":15,"column":26}},"5":{"start":{"line":19,"column":4},"end":{"line":19,"column":23}},"6":{"start":{"line":23,"column":4},"end":{"line":23,"column":27}},"7":{"start":{"line":27,"column":4},"end":{"line":27,"column":22}}},"fnMap":{"0":{"name":"(anonymous_0)","decl":{"start":{"line":7,"column":2},"end":{"line":7,"column":14}},"loc":{"start":{"line":7,"column":50},"end":{"line":12,"column":3}}},"1":{"name":"(anonymous_1)","decl":{"start":{"line":14,"column":2},"end":{"line":14,"column":6}},"loc":{"start":{"line":14,"column":14},"end":{"line":16,"column":3}}},"2":{"name":"(anonymous_2)","decl":{"start":{"line":18,"column":2},"end":{"line":18,"column":6}},"loc":{"start":{"line":18,"column":11},"end":{"line":20,"column":3}}},"3":{"name":"(anonymous_3)","decl":{"start":{"line":22,"column":2},"end":{"line":22,"column":6}},"loc":{"start":{"line":22,"column":15},"end":{"line":24,"column":3}}},"4":{"name":"(anonymous_4)","decl":{"start":{"line":26,"column":2},"end":{"line":26,"column":6}},"loc":{"start":{"line":26,"column":10},"end":{"line":28,"column":3}}}},"branchMap":{"0":{"loc":{"start":{"line":10,"column":21},"end":{"line":10,"column":69}},"type":"cond-expr","locations":[{"start":{"line":10,"column":38},"end":{"line":10,"column":53}},{"start":{"line":10,"column":56},"end":{"line":10,"column":69}}]},"1":{"loc":{"start":{"line":10,"column":72},"end":{"line":10,"column":92}},"type":"cond-expr","locations":[{"start":{"line":10,"column":84},"end":{"line":10,"column":87}},{"start":{"line":10,"column":90},"end":{"line":10,"column":92}}]},"2":{"loc":{"start":{"line":11,"column":31},"end":{"line":11,"column":52}},"type":"cond-expr","locations":[{"start":{"line":11,"column":43},"end":{"line":11,"column":46}},{"start":{"line":11,"column":49},"end":{"line":11,"column":52}}]}},"s":{"0":0,"1":0,"2":0,"3":0,"4":0,"5":0,"6":0,"7":0},"f":{"0":0,"1":0,"2":0,"3":0,"4":0},"b":{"0":[0,0],"1":[0,0],"2":[0,0]}}
,"/Users/antonbalkouski/WebstormProjects/Metronome/src/frontend/models/SoundObj.ts": {"path":"/Users/antonbalkouski/WebstormProjects/Metronome/src/frontend/models/SoundObj.ts","statementMap":{"0":{"start":{"line":11,"column":4},"end":{"line":11,"column":20}},"1":{"start":{"line":12,"column":4},"end":{"line":12,"column":24}},"2":{"start":{"line":13,"column":4},"end":{"line":13,"column":34}},"3":{"start":{"line":15,"column":4},"end":{"line":15,"column":29}},"4":{"start":{"line":19,"column":4},"end":{"line":19,"column":21}},"5":{"start":{"line":23,"column":4},"end":{"line":23,"column":28}},"6":{"start":{"line":27,"column":4},"end":{"line":27,"column":23}},"7":{"start":{"line":31,"column":23},"end":{"line":31,"column":60}},"8":{"start":{"line":32,"column":4},"end":{"line":32,"column":47}},"9":{"start":{"line":33,"column":4},"end":{"line":33,"column":51}},"10":{"start":{"line":35,"column":4},"end":{"line":35,"column":21}}},"fnMap":{"0":{"name":"(anonymous_0)","decl":{"start":{"line":10,"column":2},"end":{"line":10,"column":14}},"loc":{"start":{"line":10,"column":64},"end":{"line":16,"column":3}}},"1":{"name":"(anonymous_1)","decl":{"start":{"line":18,"column":2},"end":{"line":18,"column":6}},"loc":{"start":{"line":18,"column":9},"end":{"line":20,"column":3}}},"2":{"name":"(anonymous_2)","decl":{"start":{"line":22,"column":2},"end":{"line":22,"column":6}},"loc":{"start":{"line":22,"column":16},"end":{"line":24,"column":3}}},"3":{"name":"(anonymous_3)","decl":{"start":{"line":26,"column":2},"end":{"line":26,"column":6}},"loc":{"start":{"line":26,"column":11},"end":{"line":28,"column":3}}},"4":{"name":"(anonymous_4)","decl":{"start":{"line":30,"column":2},"end":{"line":30,"column":20}},"loc":{"start":{"line":30,"column":42},"end":{"line":36,"column":3}}}},"branchMap":{},"s":{"0":0,"1":0,"2":0,"3":0,"4":0,"5":0,"6":0,"7":0,"8":0,"9":0,"10":0},"f":{"0":0,"1":0,"2":0,"3":0,"4":0},"b":{}}
,"/Users/antonbalkouski/WebstormProjects/Metronome/src/frontend/models/SoundSetting.ts": {"path":"/Users/antonbalkouski/WebstormProjects/Metronome/src/frontend/models/SoundSetting.ts","statementMap":{"0":{"start":{"line":17,"column":4},"end":{"line":17,"column":20}},"1":{"start":{"line":18,"column":4},"end":{"line":18,"column":24}},"2":{"start":{"line":19,"column":4},"end":{"line":19,"column":24}},"3":{"start":{"line":20,"column":4},"end":{"line":20,"column":25}},"4":{"start":{"line":21,"column":4},"end":{"line":21,"column":25}},"5":{"start":{"line":22,"column":4},"end":{"line":22,"column":31}},"6":{"start":{"line":26,"column":4},"end":{"line":26,"column":21}},"7":{"start":{"line":30,"column":4},"end":{"line":30,"column":23}},"8":{"start":{"line":34,"column":4},"end":{"line":34,"column":23}},"9":{"start":{"line":38,"column":4},"end":{"line":38,"column":26}},"10":{"start":{"line":42,"column":4},"end":{"line":42,"column":26}},"11":{"start":{"line":46,"column":4},"end":{"line":46,"column":30}},"12":{"start":{"line":50,"column":4},"end":{"line":50,"column":24}},"13":{"start":{"line":54,"column":4},"end":{"line":54,"column":24}}},"fnMap":{"0":{"name":"(anonymous_0)","decl":{"start":{"line":10,"column":2},"end":{"line":10,"column":null}},"loc":{"start":{"line":15,"column":15},"end":{"line":23,"column":3}}},"1":{"name":"(anonymous_1)","decl":{"start":{"line":25,"column":2},"end":{"line":25,"column":6}},"loc":{"start":{"line":25,"column":9},"end":{"line":27,"column":3}}},"2":{"name":"(anonymous_2)","decl":{"start":{"line":29,"column":2},"end":{"line":29,"column":6}},"loc":{"start":{"line":29,"column":11},"end":{"line":31,"column":3}}},"3":{"name":"(anonymous_3)","decl":{"start":{"line":33,"column":2},"end":{"line":33,"column":6}},"loc":{"start":{"line":33,"column":11},"end":{"line":35,"column":3}}},"4":{"name":"(anonymous_4)","decl":{"start":{"line":37,"column":2},"end":{"line":37,"column":6}},"loc":{"start":{"line":37,"column":14},"end":{"line":39,"column":3}}},"5":{"name":"(anonymous_5)","decl":{"start":{"line":41,"column":2},"end":{"line":41,"column":6}},"loc":{"start":{"line":41,"column":14},"end":{"line":43,"column":3}}},"6":{"name":"(anonymous_6)","decl":{"start":{"line":45,"column":2},"end":{"line":45,"column":6}},"loc":{"start":{"line":45,"column":18},"end":{"line":47,"column":3}}},"7":{"name":"(anonymous_7)","decl":{"start":{"line":49,"column":2},"end":{"line":49,"column":6}},"loc":{"start":{"line":49,"column":25},"end":{"line":51,"column":3}}},"8":{"name":"(anonymous_8)","decl":{"start":{"line":53,"column":2},"end":{"line":53,"column":10}},"loc":{"start":{"line":53,"column":24},"end":{"line":55,"column":3}}}},"branchMap":{},"s":{"0":0,"1":0,"2":0,"3":0,"4":0,"5":0,"6":0,"7":0,"8":0,"9":0,"10":0,"11":0,"12":0,"13":0},"f":{"0":0,"1":0,"2":0,"3":0,"4":0,"5":0,"6":0,"7":0,"8":0},"b":{}}
,"/Users/antonbalkouski/WebstormProjects/Metronome/src/frontend/models/TimeSignature.ts": {"path":"/Users/antonbalkouski/WebstormProjects/Metronome/src/frontend/models/TimeSignature.ts","statementMap":{"0":{"start":{"line":12,"column":4},"end":{"line":12,"column":32}},"1":{"start":{"line":13,"column":4},"end":{"line":13,"column":36}},"2":{"start":{"line":14,"column":4},"end":{"line":14,"column":29}},"3":{"start":{"line":18,"column":4},"end":{"line":18,"column":27}},"4":{"start":{"line":22,"column":4},"end":{"line":22,"column":28}},"5":{"start":{"line":26,"column":4},"end":{"line":26,"column":29}},"6":{"start":{"line":30,"column":4},"end":{"line":30,"column":30}}},"fnMap":{"0":{"name":"(anonymous_0)","decl":{"start":{"line":11,"column":2},"end":{"line":11,"column":14}},"loc":{"start":{"line":11,"column":52},"end":{"line":15,"column":3}}},"1":{"name":"(anonymous_1)","decl":{"start":{"line":17,"column":2},"end":{"line":17,"column":6}},"loc":{"start":{"line":17,"column":15},"end":{"line":19,"column":3}}},"2":{"name":"(anonymous_2)","decl":{"start":{"line":21,"column":2},"end":{"line":21,"column":6}},"loc":{"start":{"line":21,"column":29},"end":{"line":23,"column":3}}},"3":{"name":"(anonymous_3)","decl":{"start":{"line":25,"column":2},"end":{"line":25,"column":6}},"loc":{"start":{"line":25,"column":17},"end":{"line":27,"column":3}}},"4":{"name":"(anonymous_4)","decl":{"start":{"line":29,"column":2},"end":{"line":29,"column":6}},"loc":{"start":{"line":29,"column":31},"end":{"line":31,"column":3}}}},"branchMap":{},"s":{"0":0,"1":0,"2":0,"3":0,"4":0,"5":0,"6":0},"f":{"0":0,"1":0,"2":0,"3":0,"4":0},"b":{}}
,"/Users/antonbalkouski/WebstormProjects/Metronome/src/frontend/models/Instruments/Instrument.ts": {"path":"/Users/antonbalkouski/WebstormProjects/Metronome/src/frontend/models/Instruments/Instrument.ts","statementMap":{"0":{"start":{"line":7,"column":9},"end":{"line":7,"column":45}},"1":{"start":{"line":17,"column":4},"end":{"line":17,"column":51}},"2":{"start":{"line":19,"column":4},"end":{"line":23,"column":7}},"3":{"start":{"line":27,"column":4},"end":{"line":27,"column":31}},"4":{"start":{"line":31,"column":20},"end":{"line":31,"column":67}},"5":{"start":{"line":31,"column":52},"end":{"line":31,"column":65}},"6":{"start":{"line":32,"column":4},"end":{"line":38,"column":6}},"7":{"start":{"line":37,"column":25},"end":{"line":37,"column":49}}},"fnMap":{"0":{"name":"(anonymous_0)","decl":{"start":{"line":16,"column":2},"end":{"line":16,"column":24}},"loc":{"start":{"line":16,"column":53},"end":{"line":24,"column":3}}},"1":{"name":"(anonymous_1)","decl":{"start":{"line":26,"column":2},"end":{"line":26,"column":6}},"loc":{"start":{"line":26,"column":19},"end":{"line":28,"column":3}}},"2":{"name":"(anonymous_2)","decl":{"start":{"line":30,"column":2},"end":{"line":30,"column":20}},"loc":{"start":{"line":30,"column":47},"end":{"line":39,"column":3}}},"3":{"name":"(anonymous_3)","decl":{"start":{"line":31,"column":45},"end":{"line":31,"column":46}},"loc":{"start":{"line":31,"column":52},"end":{"line":31,"column":65}}},"4":{"name":"(anonymous_4)","decl":{"start":{"line":37,"column":6},"end":{"line":37,"column":7}},"loc":{"start":{"line":37,"column":25},"end":{"line":37,"column":49}}}},"branchMap":{"0":{"loc":{"start":{"line":37,"column":25},"end":{"line":37,"column":49}},"type":"cond-expr","locations":[{"start":{"line":37,"column":32},"end":{"line":37,"column":34}},{"start":{"line":37,"column":25},"end":{"line":37,"column":49}}]},"1":{"loc":{"start":{"line":37,"column":25},"end":{"line":37,"column":34}},"type":"binary-expr","locations":[{"start":{"line":37,"column":25},"end":{"line":37,"column":34}},{"start":{"line":37,"column":25},"end":{"line":37,"column":34}}]}},"s":{"0":0,"1":0,"2":0,"3":0,"4":0,"5":0,"6":0,"7":0},"f":{"0":0,"1":0,"2":0,"3":0,"4":0},"b":{"0":[0,0],"1":[0,0]}}
,"/Users/antonbalkouski/WebstormProjects/Metronome/src/frontend/states/UIState.ts": {"path":"/Users/antonbalkouski/WebstormProjects/Metronome/src/frontend/states/UIState.ts","statementMap":{"0":{"start":{"line":7,"column":10},"end":{"line":7,"column":48}},"1":{"start":{"line":8,"column":10},"end":{"line":8,"column":57}},"2":{"start":{"line":11,"column":4},"end":{"line":13,"column":7}},"3":{"start":{"line":17,"column":4},"end":{"line":17,"column":41}},"4":{"start":{"line":21,"column":4},"end":{"line":21,"column":37}},"5":{"start":{"line":26,"column":4},"end":{"line":26,"column":42}},"6":{"start":{"line":27,"column":4},"end":{"line":27,"column":37}},"7":{"start":{"line":28,"column":4},"end":{"line":33,"column":12}},"8":{"start":{"line":29,"column":6},"end":{"line":32,"column":7}},"9":{"start":{"line":30,"column":8},"end":{"line":30,"column":46}},"10":{"start":{"line":31,"column":8},"end":{"line":31,"column":42}},"11":{"start":{"line":37,"column":4},"end":{"line":37,"column":38}},"12":{"start":{"line":41,"column":4},"end":{"line":41,"column":42}},"13":{"start":{"line":45,"column":23},"end":{"line":45,"column":36}}},"fnMap":{"0":{"name":"(anonymous_0)","decl":{"start":{"line":10,"column":2},"end":{"line":10,"column":null}},"loc":{"start":{"line":10,"column":2},"end":{"line":14,"column":3}}},"1":{"name":"(anonymous_1)","decl":{"start":{"line":16,"column":2},"end":{"line":16,"column":6}},"loc":{"start":{"line":16,"column":29},"end":{"line":18,"column":3}}},"2":{"name":"(anonymous_2)","decl":{"start":{"line":20,"column":2},"end":{"line":20,"column":6}},"loc":{"start":{"line":20,"column":25},"end":{"line":22,"column":3}}},"3":{"name":"(anonymous_3)","decl":{"start":{"line":25,"column":2},"end":{"line":25,"column":10}},"loc":{"start":{"line":25,"column":24},"end":{"line":34,"column":3}}},"4":{"name":"(anonymous_4)","decl":{"start":{"line":28,"column":15},"end":{"line":28,"column":18}},"loc":{"start":{"line":28,"column":20},"end":{"line":33,"column":5}}},"5":{"name":"(anonymous_5)","decl":{"start":{"line":36,"column":2},"end":{"line":36,"column":23}},"loc":{"start":{"line":36,"column":38},"end":{"line":38,"column":3}}},"6":{"name":"(anonymous_6)","decl":{"start":{"line":40,"column":2},"end":{"line":40,"column":28}},"loc":{"start":{"line":40,"column":49},"end":{"line":42,"column":3}}}},"branchMap":{"0":{"loc":{"start":{"line":29,"column":6},"end":{"line":32,"column":7}},"type":"if","locations":[{"start":{"line":29,"column":6},"end":{"line":32,"column":7}}]}},"s":{"0":0,"1":0,"2":0,"3":0,"4":0,"5":0,"6":0,"7":0,"8":0,"9":0,"10":0,"11":0,"12":0,"13":0},"f":{"0":0,"1":0,"2":0,"3":0,"4":0,"5":0,"6":0},"b":{"0":[0]}}
,"/Users/antonbalkouski/WebstormProjects/Metronome/src/frontend/utils/audioContext.ts": {"path":"/Users/antonbalkouski/WebstormProjects/Metronome/src/frontend/utils/audioContext.ts","statementMap":{"0":{"start":{"line":3,"column":29},"end":{"line":3,"column":34}},"1":{"start":{"line":6,"column":2},"end":{"line":6,"column":37}},"2":{"start":{"line":6,"column":30},"end":{"line":6,"column":37}},"3":{"start":{"line":8,"column":2},"end":{"line":8,"column":21}},"4":{"start":{"line":9,"column":2},"end":{"line":9,"column":35}},"5":{"start":{"line":10,"column":2},"end":{"line":10,"column":32}},"6":{"start":{"line":14,"column":2},"end":{"line":16,"column":4}},"7":{"start":{"line":15,"column":4},"end":{"line":15,"column":38}}},"fnMap":{"0":{"name":"setupAudioContextUnlocker","decl":{"start":{"line":5,"column":15},"end":{"line":5,"column":40}},"loc":{"start":{"line":5,"column":40},"end":{"line":11,"column":1}}},"1":{"name":"useAudioContextUnlocker","decl":{"start":{"line":13,"column":16},"end":{"line":13,"column":39}},"loc":{"start":{"line":13,"column":39},"end":{"line":17,"column":1}}},"2":{"name":"(anonymous_2)","decl":{"start":{"line":14,"column":9},"end":{"line":14,"column":14}},"loc":{"start":{"line":14,"column":20},"end":{"line":16,"column":3}}}},"branchMap":{"0":{"loc":{"start":{"line":6,"column":2},"end":{"line":6,"column":37}},"type":"if","locations":[{"start":{"line":6,"column":2},"end":{"line":6,"column":37}}]}},"s":{"0":0,"1":0,"2":0,"3":0,"4":0,"5":0,"6":0,"7":0},"f":{"0":0,"1":0,"2":0},"b":{"0":[0]}}
,"/Users/antonbalkouski/WebstormProjects/Metronome/src/frontend/utils/clientLogTransport.ts": {"path":"/Users/antonbalkouski/WebstormProjects/Metronome/src/frontend/utils/clientLogTransport.ts","statementMap":{"0":{"start":{"line":9,"column":5},"end":{"line":9,"column":7}},"1":{"start":{"line":12,"column":20},"end":{"line":12,"column":31}},"2":{"start":{"line":15,"column":16},"end":{"line":15,"column":21}},"3":{"start":{"line":18,"column":24},"end":{"line":18,"column":26}},"4":{"start":{"line":21,"column":23},"end":{"line":21,"column":28}},"5":{"start":{"line":24,"column":59},"end":{"line":24,"column":63}},"6":{"start":{"line":31,"column":4},"end":{"line":39,"column":5}},"7":{"start":{"line":32,"column":26},"end":{"line":32,"column":62}},"8":{"start":{"line":33,"column":8},"end":{"line":36,"column":9}},"9":{"start":{"line":34,"column":12},"end":{"line":34,"column":46}},"10":{"start":{"line":35,"column":12},"end":{"line":35,"column":81}},"11":{"start":{"line":38,"column":8},"end":{"line":38,"column":77}},"12":{"start":{"line":42,"column":4},"end":{"line":42,"column":59}},"13":{"start":{"line":45,"column":4},"end":{"line":53,"column":7}},"14":{"start":{"line":47,"column":8},"end":{"line":47,"column":72}},"15":{"start":{"line":50,"column":8},"end":{"line":52,"column":9}},"16":{"start":{"line":51,"column":12},"end":{"line":51,"column":73}},"17":{"start":{"line":56,"column":4},"end":{"line":56,"column":49}},"18":{"start":{"line":64,"column":4},"end":{"line":66,"column":5}},"19":{"start":{"line":65,"column":8},"end":{"line":65,"column":15}},"20":{"start":{"line":69,"column":4},"end":{"line":69,"column":21}},"21":{"start":{"line":72,"column":23},"end":{"line":72,"column":37}},"22":{"start":{"line":73,"column":4},"end":{"line":73,"column":19}},"23":{"start":{"line":75,"column":4},"end":{"line":98,"column":5}},"24":{"start":{"line":77,"column":8},"end":{"line":81,"column":11}},"25":{"start":{"line":84,"column":8},"end":{"line":84,"column":48}},"26":{"start":{"line":86,"column":8},"end":{"line":86,"column":80}},"27":{"start":{"line":88,"column":8},"end":{"line":88,"column":69}},"28":{"start":{"line":91,"column":8},"end":{"line":91,"column":50}},"29":{"start":{"line":94,"column":8},"end":{"line":94,"column":72}},"30":{"start":{"line":97,"column":8},"end":{"line":97,"column":26}}},"fnMap":{"0":{"name":"initRemoteLogTransport","decl":{"start":{"line":29,"column":16},"end":{"line":29,"column":38}},"loc":{"start":{"line":29,"column":38},"end":{"line":57,"column":1}}},"1":{"name":"(anonymous_1)","decl":{"start":{"line":45,"column":44},"end":{"line":45,"column":47}},"loc":{"start":{"line":45,"column":49},"end":{"line":53,"column":5}}},"2":{"name":"flushLogs","decl":{"start":{"line":62,"column":22},"end":{"line":62,"column":31}},"loc":{"start":{"line":62,"column":31},"end":{"line":99,"column":1}}}},"branchMap":{"0":{"loc":{"start":{"line":33,"column":8},"end":{"line":36,"column":9}},"type":"if","locations":[{"start":{"line":33,"column":8},"end":{"line":36,"column":9}}]},"1":{"loc":{"start":{"line":50,"column":8},"end":{"line":52,"column":9}},"type":"if","locations":[{"start":{"line":50,"column":8},"end":{"line":52,"column":9}}]},"2":{"loc":{"start":{"line":50,"column":12},"end":{"line":50,"column":56}},"type":"binary-expr","locations":[{"start":{"line":50,"column":12},"end":{"line":50,"column":32}},{"start":{"line":50,"column":36},"end":{"line":50,"column":56}}]},"3":{"loc":{"start":{"line":64,"column":4},"end":{"line":66,"column":5}},"type":"if","locations":[{"start":{"line":64,"column":4},"end":{"line":66,"column":5}}]},"4":{"loc":{"start":{"line":64,"column":8},"end":{"line":64,"column":64}},"type":"binary-expr","locations":[{"start":{"line":64,"column":8},"end":{"line":64,"column":30}},{"start":{"line":64,"column":34},"end":{"line":64,"column":43}},{"start":{"line":64,"column":47},"end":{"line":64,"column":64}}]}},"s":{"0":0,"1":0,"2":0,"3":0,"4":0,"5":0,"6":0,"7":0,"8":0,"9":0,"10":0,"11":0,"12":0,"13":0,"14":0,"15":0,"16":0,"17":0,"18":0,"19":0,"20":0,"21":0,"22":0,"23":0,"24":0,"25":0,"26":0,"27":0,"28":0,"29":0,"30":0},"f":{"0":0,"1":0,"2":0},"b":{"0":[0],"1":[0],"2":[0,0],"3":[0],"4":[0,0,0]}}
,"/Users/antonbalkouski/WebstormProjects/Metronome/src/frontend/utils/utils.ts": {"path":"/Users/antonbalkouski/WebstormProjects/Metronome/src/frontend/utils/utils.ts","statementMap":{"0":{"start":{"line":11,"column":2},"end":{"line":13,"column":3}},"1":{"start":{"line":12,"column":4},"end":{"line":12,"column":11}},"2":{"start":{"line":14,"column":2},"end":{"line":20,"column":3}},"3":{"start":{"line":15,"column":4},"end":{"line":15,"column":24}},"4":{"start":{"line":16,"column":9},"end":{"line":20,"column":3}},"5":{"start":{"line":17,"column":4},"end":{"line":17,"column":24}},"6":{"start":{"line":19,"column":4},"end":{"line":19,"column":24}},"7":{"start":{"line":24,"column":2},"end":{"line":24,"column":37}},"8":{"start":{"line":28,"column":2},"end":{"line":28,"column":29}},"9":{"start":{"line":32,"column":2},"end":{"line":32,"column":41}},"10":{"start":{"line":32,"column":30},"end":{"line":32,"column":39}},"11":{"start":{"line":36,"column":2},"end":{"line":36,"column":21}},"12":{"start":{"line":37,"column":2},"end":{"line":37,"column":35}},"13":{"start":{"line":43,"column":22},"end":{"line":48,"column":4}},"14":{"start":{"line":50,"column":2},"end":{"line":56,"column":3}},"15":{"start":{"line":55,"column":4},"end":{"line":55,"column":23}}},"fnMap":{"0":{"name":"handleVariableChange","decl":{"start":{"line":4,"column":16},"end":{"line":4,"column":36}},"loc":{"start":{"line":9,"column":36},"end":{"line":21,"column":1}}},"1":{"name":"gcd","decl":{"start":{"line":23,"column":9},"end":{"line":23,"column":12}},"loc":{"start":{"line":23,"column":33},"end":{"line":25,"column":1}}},"2":{"name":"lcm","decl":{"start":{"line":27,"column":9},"end":{"line":27,"column":12}},"loc":{"start":{"line":27,"column":33},"end":{"line":29,"column":1}}},"3":{"name":"lcmArray","decl":{"start":{"line":31,"column":16},"end":{"line":31,"column":24}},"loc":{"start":{"line":31,"column":38},"end":{"line":33,"column":1}}},"4":{"name":"(anonymous_4)","decl":{"start":{"line":32,"column":20},"end":{"line":32,"column":21}},"loc":{"start":{"line":32,"column":30},"end":{"line":32,"column":39}}},"5":{"name":"setupAudioContextUnlocker","decl":{"start":{"line":35,"column":22},"end":{"line":35,"column":47}},"loc":{"start":{"line":35,"column":47},"end":{"line":38,"column":1}}},"6":{"name":"preventNonDigitInput","decl":{"start":{"line":40,"column":16},"end":{"line":40,"column":36}},"loc":{"start":{"line":41,"column":42},"end":{"line":57,"column":1}}}},"branchMap":{"0":{"loc":{"start":{"line":11,"column":2},"end":{"line":13,"column":3}},"type":"if","locations":[{"start":{"line":11,"column":2},"end":{"line":13,"column":3}}]},"1":{"loc":{"start":{"line":14,"column":2},"end":{"line":20,"column":3}},"type":"if","locations":[{"start":{"line":14,"column":2},"end":{"line":20,"column":3}},{"start":{"line":16,"column":9},"end":{"line":20,"column":3}}]},"2":{"loc":{"start":{"line":16,"column":9},"end":{"line":20,"column":3}},"type":"if","locations":[{"start":{"line":16,"column":9},"end":{"line":20,"column":3}},{"start":{"line":18,"column":9},"end":{"line":20,"column":3}}]},"3":{"loc":{"start":{"line":24,"column":9},"end":{"line":24,"column":36}},"type":"cond-expr","locations":[{"start":{"line":24,"column":19},"end":{"line":24,"column":20}},{"start":{"line":24,"column":23},"end":{"line":24,"column":36}}]},"4":{"loc":{"start":{"line":50,"column":2},"end":{"line":56,"column":3}},"type":"if","locations":[{"start":{"line":50,"column":2},"end":{"line":56,"column":3}}]},"5":{"loc":{"start":{"line":51,"column":4},"end":{"line":53,"column":17}},"type":"binary-expr","locations":[{"start":{"line":51,"column":5},"end":{"line":51,"column":27}},{"start":{"line":51,"column":31},"end":{"line":51,"column":54}},{"start":{"line":52,"column":4},"end":{"line":52,"column":17}},{"start":{"line":53,"column":4},"end":{"line":53,"column":17}}]}},"s":{"0":0,"1":0,"2":0,"3":0,"4":0,"5":0,"6":0,"7":0,"8":0,"9":0,"10":0,"11":0,"12":0,"13":0,"14":0,"15":0},"f":{"0":0,"1":0,"2":0,"3":0,"4":0,"5":0,"6":0},"b":{"0":[0],"1":[0,0],"2":[0,0],"3":[0,0],"4":[0],"5":[0,0,0,0]}}
,"/Users/antonbalkouski/WebstormProjects/Metronome/src/frontend/vars/vars.ts": {"path":"/Users/antonbalkouski/WebstormProjects/Metronome/src/frontend/vars/vars.ts","statementMap":{"0":{"start":{"line":3,"column":42},"end":{"line":3,"column":77}},"1":{"start":{"line":5,"column":47},"end":{"line":5,"column":48}},"2":{"start":{"line":7,"column":40},"end":{"line":7,"column":42}},"3":{"start":{"line":8,"column":40},"end":{"line":8,"column":41}},"4":{"start":{"line":10,"column":29},"end":{"line":25,"column":2}},"5":{"start":{"line":28,"column":2},"end":{"line":34,"column":4}},"6":{"start":{"line":31,"column":8},"end":{"line":32,"column":45}},"7":{"start":{"line":37,"column":38},"end":{"line":37,"column":50}},"8":{"start":{"line":39,"column":43},"end":{"line":39,"column":46}},"9":{"start":{"line":40,"column":37},"end":{"line":40,"column":40}},"10":{"start":{"line":41,"column":37},"end":{"line":41,"column":38}},"11":{"start":{"line":42,"column":41},"end":{"line":42,"column":42}},"12":{"start":{"line":43,"column":43},"end":{"line":43,"column":48}},"13":{"start":{"line":44,"column":43},"end":{"line":44,"column":44}},"14":{"start":{"line":45,"column":43},"end":{"line":45,"column":44}},"15":{"start":{"line":46,"column":53},"end":{"line":46,"column":55}},"16":{"start":{"line":47,"column":53},"end":{"line":47,"column":55}}},"fnMap":{"0":{"name":"getDefaultNote","decl":{"start":{"line":27,"column":16},"end":{"line":27,"column":30}},"loc":{"start":{"line":27,"column":30},"end":{"line":35,"column":1}}},"1":{"name":"(anonymous_1)","decl":{"start":{"line":30,"column":6},"end":{"line":30,"column":7}},"loc":{"start":{"line":31,"column":8},"end":{"line":32,"column":45}}}},"branchMap":{"0":{"loc":{"start":{"line":29,"column":4},"end":{"line":33,"column":56}},"type":"binary-expr","locations":[{"start":{"line":29,"column":4},"end":{"line":32,"column":null}},{"start":{"line":33,"column":9},"end":{"line":33,"column":56}}]},"1":{"loc":{"start":{"line":31,"column":8},"end":{"line":32,"column":45}},"type":"binary-expr","locations":[{"start":{"line":31,"column":8},"end":{"line":31,"column":43}},{"start":{"line":32,"column":8},"end":{"line":32,"column":45}}]}},"s":{"0":0,"1":0,"2":0,"3":0,"4":0,"5":0,"6":0,"7":0,"8":0,"9":0,"10":0,"11":0,"12":0,"13":0,"14":0,"15":0,"16":0},"f":{"0":0,"1":0},"b":{"0":[0,0],"1":[0,0]}}
,"/Users/antonbalkouski/WebstormProjects/Metronome/src/frontend/vars/sound-settings/DEFAULT_SOUND_SETTINGS.ts": {"path":"/Users/antonbalkouski/WebstormProjects/Metronome/src/frontend/vars/sound-settings/DEFAULT_SOUND_SETTINGS.ts","statementMap":{"0":{"start":{"line":5,"column":2},"end":{"line":5,"column":37}}},"fnMap":{},"branchMap":{},"s":{"0":0},"f":{},"b":{}}
,"/Users/antonbalkouski/WebstormProjects/Metronome/src/frontend/vars/sound-settings/DEFAULT_TONEJS_SYNTH_SOUND_SETTING.ts": {"path":"/Users/antonbalkouski/WebstormProjects/Metronome/src/frontend/vars/sound-settings/DEFAULT_TONEJS_SYNTH_SOUND_SETTING.ts","statementMap":{"0":{"start":{"line":3,"column":67},"end":{"line":12,"column":2}}},"fnMap":{},"branchMap":{},"s":{"0":0},"f":{},"b":{}}
,"/Users/antonbalkouski/WebstormProjects/Metronome/src/frontend/vars/sounds/DEFAULT_SOUNDS.ts": {"path":"/Users/antonbalkouski/WebstormProjects/Metronome/src/frontend/vars/sounds/DEFAULT_SOUNDS.ts","statementMap":{"0":{"start":{"line":6,"column":42},"end":{"line":6,"column":61}},"1":{"start":{"line":9,"column":2},"end":{"line":13,"column":4}}},"fnMap":{"0":{"name":"createDefaultSoundObject","decl":{"start":{"line":8,"column":16},"end":{"line":8,"column":40}},"loc":{"start":{"line":8,"column":40},"end":{"line":14,"column":1}}}},"branchMap":{},"s":{"0":0,"1":0},"f":{"0":0},"b":{}}
,"/Users/antonbalkouski/WebstormProjects/Metronome/src/frontend/vars/sounds/TONEJS_SYNTH_SOUNDS.ts": {"path":"/Users/antonbalkouski/WebstormProjects/Metronome/src/frontend/vars/sounds/TONEJS_SYNTH_SOUNDS.ts","statementMap":{"0":{"start":{"line":5,"column":47},"end":{"line":31,"column":2}}},"fnMap":{},"branchMap":{},"s":{"0":0},"f":{},"b":{}}
}
